{
"/Users/marcuslongmuir/Documents/workspace/FieldVal/fieldval-js/src/FieldVal.js":{"path":"/Users/marcuslongmuir/Documents/workspace/FieldVal/fieldval-js/src/FieldVal.js","s":{"1":1,"2":1,"3":1,"4":1,"5":1,"6":0,"7":0,"8":1,"9":42,"10":42,"11":42,"12":42,"13":42,"14":42,"15":42,"16":42,"17":42,"18":42,"19":42,"20":1,"21":2,"22":2,"23":2,"24":2,"25":1,"26":1,"27":1,"28":11,"29":11,"30":11,"31":11,"32":11,"33":11,"34":11,"35":11,"36":1,"37":10,"38":1,"39":11,"40":11,"41":11,"42":11,"43":11,"44":11,"45":11,"46":1,"47":8,"48":8,"49":8,"50":1,"51":13,"52":13,"53":13,"54":3,"55":1,"56":2,"57":10,"58":10,"59":13,"60":1,"61":10,"62":10,"63":10,"64":10,"65":1,"66":2,"67":2,"68":2,"69":2,"70":1,"71":1,"72":1,"73":1,"74":1,"75":34,"76":34,"77":34,"78":34,"79":5,"80":5,"81":3,"82":34,"83":1,"84":30,"85":30,"86":30,"87":29,"88":4,"89":1,"90":34,"91":34,"92":34,"93":34,"94":34,"95":34,"96":34,"97":2,"98":2,"99":2,"100":34,"101":34,"102":34,"103":3,"104":3,"105":2,"106":2,"107":34,"108":9,"109":9,"110":34,"111":8,"112":8,"113":34,"114":4,"115":4,"116":34,"117":21,"118":21,"119":21,"120":20,"121":1,"122":14,"123":7,"124":5,"125":2,"126":7,"127":1,"128":34,"129":34,"130":5,"131":5,"132":1,"133":29,"134":1,"135":1,"136":1,"137":1,"138":1,"139":1,"140":1,"141":1,"142":1,"143":1,"144":1,"145":7,"146":1,"147":13,"148":4,"149":13,"150":13,"151":12,"152":2,"153":2,"154":1,"155":1,"156":1,"157":10,"158":4,"159":4,"160":3,"161":3,"162":13,"163":13,"164":2,"165":1,"166":13,"167":1,"168":78,"169":78,"170":78,"171":78,"172":78,"173":70,"174":32,"175":32,"176":79,"177":79,"178":32,"179":32,"180":47,"181":47,"182":32,"183":32,"184":38,"185":38,"186":38,"187":2,"188":8,"189":7,"190":7,"191":1,"192":45,"193":45,"194":27,"195":25,"196":27,"197":27,"198":11,"199":9,"200":9,"201":9,"202":2,"203":1,"204":1,"205":1,"206":1,"207":1,"208":1,"209":16,"210":1,"211":15,"212":10,"213":9,"214":1,"215":10,"216":5,"217":5,"218":18,"219":45,"220":7,"221":45,"222":38,"223":1,"224":31,"225":1,"226":1,"227":31,"228":8,"229":31,"230":12,"231":31,"232":20,"233":20,"234":11,"235":31,"236":31,"237":31,"238":25,"239":25,"240":25,"241":14,"242":31,"243":31,"244":30,"245":25,"246":13,"247":5,"248":4,"249":30,"250":1,"251":1,"252":1,"253":29,"254":9,"255":9,"256":9,"257":20,"258":20,"259":20,"260":30,"261":24,"262":6,"263":5,"264":6,"265":1,"266":12,"267":12,"268":6,"269":5,"270":1,"271":12,"272":1,"273":1,"274":11,"275":1,"276":7,"277":7,"278":7,"279":7,"280":1,"281":6,"282":6,"283":6,"284":6,"285":6,"286":4,"287":2,"288":1,"289":7,"290":6,"291":6,"292":1,"293":1,"294":15,"295":2,"296":13,"297":10,"298":10,"299":1,"300":9,"301":2,"302":7,"303":1,"304":3,"305":3,"306":1,"307":2,"308":1,"309":1,"310":1,"311":6,"312":1,"313":1,"314":1},"b":{"1":[1,0],"2":[0,1],"3":[1,1],"4":[1,10],"5":[1,10],"6":[3,10],"7":[1,2],"8":[5,0],"9":[3,2],"10":[29,1],"11":[4,25],"12":[2,0],"13":[2,1],"14":[9,25],"15":[8,26],"16":[4,30],"17":[21,13],"18":[20,1],"19":[7,7],"20":[5,2],"21":[5,29],"22":[1,4],"23":[4,9],"24":[6,7],"25":[12,1],"26":[13,7],"27":[2,10],"28":[1,1],"29":[2,2],"30":[4,6],"31":[10,9],"32":[3,1],"33":[4,4],"34":[2,11],"35":[1,1],"36":[70,8],"37":[32,38],"38":[32,47],"39":[79,52],"40":[2,36],"41":[38,38],"42":[7,1],"43":[27,18],"44":[45,45],"45":[25,2],"46":[11,16],"47":[9,2],"48":[1,1],"49":[1,15],"50":[10,5],"51":[9,1],"52":[7,38],"53":[1,30],"54":[8,23],"55":[20,11],"56":[14,11],"57":[31,1],"58":[25,5],"59":[13,12],"60":[4,1],"61":[1,29],"62":[9,20],"63":[24,6],"64":[5,1],"65":[6,6],"66":[12,12],"67":[5,1],"68":[6,2],"69":[1,11],"70":[1,6],"71":[7,6],"72":[1,6],"73":[4,2],"74":[1,1],"75":[6,1],"76":[2,13],"77":[10,3],"78":[1,9],"79":[2,7],"80":[1,6],"81":[1,2],"82":[1,1],"83":[1,0],"84":[1,0]},"f":{"1":1,"2":0,"3":42,"4":2,"5":2,"6":11,"7":11,"8":11,"9":11,"10":11,"11":8,"12":13,"13":10,"14":2,"15":1,"16":34,"17":30,"18":34,"19":34,"20":1,"21":7,"22":13,"23":78,"24":79,"25":47,"26":45,"27":7,"28":31,"29":12,"30":25,"31":30,"32":12,"33":12,"34":7,"35":7,"36":15},"fnMap":{"1":{"name":"(anonymous_1)","line":1,"loc":{"start":{"line":1,"column":16},"end":{"line":1,"column":26}}},"2":{"name":"(anonymous_2)","line":12,"loc":{"start":{"line":12,"column":24},"end":{"line":12,"column":41}},"skip":true},"3":{"name":"FieldVal","line":17,"loc":{"start":{"line":17,"column":4},"end":{"line":17,"column":34}}},"4":{"name":"(anonymous_4)","line":35,"loc":{"start":{"line":35,"column":39},"end":{"line":35,"column":64}}},"5":{"name":"(anonymous_5)","line":39,"loc":{"start":{"line":39,"column":17},"end":{"line":39,"column":29}}},"6":{"name":"(anonymous_6)","line":50,"loc":{"start":{"line":50,"column":29},"end":{"line":50,"column":51}}},"7":{"name":"(anonymous_7)","line":57,"loc":{"start":{"line":57,"column":60},"end":{"line":57,"column":75}}},"8":{"name":"(anonymous_8)","line":70,"loc":{"start":{"line":70,"column":35},"end":{"line":70,"column":70}}},"9":{"name":"(anonymous_9)","line":80,"loc":{"start":{"line":80,"column":18},"end":{"line":80,"column":39}}},"10":{"name":"(anonymous_10)","line":83,"loc":{"start":{"line":83,"column":10},"end":{"line":83,"column":32}}},"11":{"name":"(anonymous_11)","line":91,"loc":{"start":{"line":91,"column":31},"end":{"line":91,"column":48}}},"12":{"name":"(anonymous_12)","line":99,"loc":{"start":{"line":99,"column":33},"end":{"line":99,"column":62}}},"13":{"name":"(anonymous_13)","line":121,"loc":{"start":{"line":121,"column":33},"end":{"line":121,"column":62}}},"14":{"name":"(anonymous_14)","line":129,"loc":{"start":{"line":129,"column":38},"end":{"line":129,"column":60}}},"15":{"name":"(anonymous_15)","line":140,"loc":{"start":{"line":140,"column":36},"end":{"line":140,"column":58}}},"16":{"name":"(anonymous_16)","line":149,"loc":{"start":{"line":149,"column":42},"end":{"line":149,"column":54}}},"17":{"name":"(anonymous_17)","line":165,"loc":{"start":{"line":165,"column":42},"end":{"line":165,"column":52}}},"18":{"name":"(anonymous_18)","line":177,"loc":{"start":{"line":177,"column":43},"end":{"line":177,"column":53}}},"19":{"name":"(anonymous_19)","line":253,"loc":{"start":{"line":253,"column":29},"end":{"line":253,"column":49}}},"20":{"name":"(anonymous_20)","line":280,"loc":{"start":{"line":280,"column":36},"end":{"line":280,"column":67}}},"21":{"name":"(anonymous_21)","line":289,"loc":{"start":{"line":289,"column":29},"end":{"line":289,"column":41}}},"22":{"name":"(anonymous_22)","line":296,"loc":{"start":{"line":296,"column":34},"end":{"line":296,"column":72}}},"23":{"name":"(anonymous_23)","line":335,"loc":{"start":{"line":335,"column":25},"end":{"line":335,"column":79}}},"24":{"name":"(anonymous_24)","line":345,"loc":{"start":{"line":345,"column":33},"end":{"line":345,"column":43}}},"25":{"name":"(anonymous_25)","line":354,"loc":{"start":{"line":354,"column":24},"end":{"line":354,"column":34}}},"26":{"name":"(anonymous_26)","line":375,"loc":{"start":{"line":375,"column":28},"end":{"line":375,"column":46}}},"27":{"name":"(anonymous_27)","line":424,"loc":{"start":{"line":424,"column":92},"end":{"line":424,"column":110}}},"28":{"name":"(anonymous_28)","line":435,"loc":{"start":{"line":435,"column":26},"end":{"line":435,"column":66}}},"29":{"name":"(anonymous_29)","line":449,"loc":{"start":{"line":449,"column":18},"end":{"line":449,"column":35}}},"30":{"name":"(anonymous_30)","line":467,"loc":{"start":{"line":467,"column":21},"end":{"line":467,"column":39}}},"31":{"name":"(anonymous_31)","line":476,"loc":{"start":{"line":476,"column":77},"end":{"line":476,"column":87}}},"32":{"name":"(anonymous_32)","line":513,"loc":{"start":{"line":513,"column":24},"end":{"line":513,"column":51}}},"33":{"name":"(anonymous_33)","line":514,"loc":{"start":{"line":514,"column":20},"end":{"line":514,"column":37}}},"34":{"name":"(anonymous_34)","line":530,"loc":{"start":{"line":530,"column":20},"end":{"line":530,"column":51}}},"35":{"name":"(anonymous_35)","line":534,"loc":{"start":{"line":534,"column":20},"end":{"line":534,"column":43}}},"36":{"name":"(anonymous_36)","line":564,"loc":{"start":{"line":564,"column":28},"end":{"line":564,"column":60}}}},"statementMap":{"1":{"start":{"line":1,"column":0},"end":{"line":600,"column":10}},"2":{"start":{"line":4,"column":4},"end":{"line":4,"column":15}},"3":{"start":{"line":6,"column":4},"end":{"line":8,"column":5},"skip":true},"4":{"start":{"line":7,"column":8},"end":{"line":7,"column":45},"skip":true},"5":{"start":{"line":11,"column":4},"end":{"line":15,"column":5},"skip":true},"6":{"start":{"line":12,"column":8},"end":{"line":14,"column":10},"skip":true},"7":{"start":{"line":13,"column":12},"end":{"line":13,"column":80},"skip":true},"8":{"start":{"line":17,"column":4},"end":{"line":33,"column":5}},"9":{"start":{"line":18,"column":8},"end":{"line":18,"column":22}},"10":{"start":{"line":20,"column":8},"end":{"line":20,"column":29}},"11":{"start":{"line":22,"column":8},"end":{"line":22,"column":35}},"12":{"start":{"line":23,"column":8},"end":{"line":23,"column":29}},"13":{"start":{"line":24,"column":8},"end":{"line":24,"column":29}},"14":{"start":{"line":25,"column":8},"end":{"line":25,"column":29}},"15":{"start":{"line":26,"column":8},"end":{"line":26,"column":29}},"16":{"start":{"line":27,"column":8},"end":{"line":27,"column":34}},"17":{"start":{"line":28,"column":8},"end":{"line":28,"column":34}},"18":{"start":{"line":29,"column":8},"end":{"line":29,"column":32}},"19":{"start":{"line":32,"column":8},"end":{"line":32,"column":23}},"20":{"start":{"line":35,"column":4},"end":{"line":48,"column":6}},"21":{"start":{"line":36,"column":8},"end":{"line":36,"column":22}},"22":{"start":{"line":38,"column":8},"end":{"line":47,"column":10}},"23":{"start":{"line":40,"column":16},"end":{"line":40,"column":61}},"24":{"start":{"line":41,"column":16},"end":{"line":43,"column":17}},"25":{"start":{"line":42,"column":20},"end":{"line":42,"column":38}},"26":{"start":{"line":45,"column":16},"end":{"line":45,"column":37}},"27":{"start":{"line":50,"column":4},"end":{"line":68,"column":6}},"28":{"start":{"line":51,"column":8},"end":{"line":51,"column":22}},"29":{"start":{"line":53,"column":8},"end":{"line":53,"column":62}},"30":{"start":{"line":55,"column":8},"end":{"line":55,"column":31}},"31":{"start":{"line":56,"column":8},"end":{"line":56,"column":22}},"32":{"start":{"line":57,"column":8},"end":{"line":60,"column":11}},"33":{"start":{"line":58,"column":12},"end":{"line":58,"column":30}},"34":{"start":{"line":59,"column":12},"end":{"line":59,"column":30}},"35":{"start":{"line":62,"column":8},"end":{"line":67,"column":9}},"36":{"start":{"line":64,"column":12},"end":{"line":64,"column":76}},"37":{"start":{"line":66,"column":12},"end":{"line":66,"column":29}},"38":{"start":{"line":70,"column":4},"end":{"line":88,"column":6}},"39":{"start":{"line":71,"column":8},"end":{"line":71,"column":22}},"40":{"start":{"line":73,"column":8},"end":{"line":73,"column":46}},"41":{"start":{"line":75,"column":8},"end":{"line":75,"column":46}},"42":{"start":{"line":77,"column":8},"end":{"line":85,"column":11}},"43":{"start":{"line":81,"column":16},"end":{"line":81,"column":34}},"44":{"start":{"line":84,"column":12},"end":{"line":84,"column":24}},"45":{"start":{"line":87,"column":8},"end":{"line":87,"column":80}},"46":{"start":{"line":91,"column":4},"end":{"line":97,"column":6}},"47":{"start":{"line":92,"column":8},"end":{"line":92,"column":22}},"48":{"start":{"line":94,"column":8},"end":{"line":94,"column":30}},"49":{"start":{"line":96,"column":8},"end":{"line":96,"column":18}},"50":{"start":{"line":99,"column":4},"end":{"line":119,"column":6}},"51":{"start":{"line":100,"column":8},"end":{"line":100,"column":22}},"52":{"start":{"line":102,"column":8},"end":{"line":102,"column":51}},"53":{"start":{"line":103,"column":8},"end":{"line":117,"column":9}},"54":{"start":{"line":105,"column":12},"end":{"line":113,"column":13}},"55":{"start":{"line":106,"column":16},"end":{"line":106,"column":44}},"56":{"start":{"line":108,"column":16},"end":{"line":112,"column":18}},"57":{"start":{"line":115,"column":12},"end":{"line":115,"column":48}},"58":{"start":{"line":116,"column":12},"end":{"line":116,"column":31}},"59":{"start":{"line":118,"column":8},"end":{"line":118,"column":18}},"60":{"start":{"line":121,"column":4},"end":{"line":127,"column":6}},"61":{"start":{"line":122,"column":8},"end":{"line":122,"column":22}},"62":{"start":{"line":124,"column":8},"end":{"line":124,"column":91}},"63":{"start":{"line":125,"column":8},"end":{"line":125,"column":27}},"64":{"start":{"line":126,"column":8},"end":{"line":126,"column":18}},"65":{"start":{"line":129,"column":4},"end":{"line":138,"column":6}},"66":{"start":{"line":130,"column":8},"end":{"line":130,"column":22}},"67":{"start":{"line":132,"column":8},"end":{"line":135,"column":10}},"68":{"start":{"line":136,"column":8},"end":{"line":136,"column":32}},"69":{"start":{"line":137,"column":8},"end":{"line":137,"column":18}},"70":{"start":{"line":140,"column":4},"end":{"line":146,"column":6}},"71":{"start":{"line":141,"column":8},"end":{"line":141,"column":22}},"72":{"start":{"line":143,"column":8},"end":{"line":143,"column":46}},"73":{"start":{"line":145,"column":8},"end":{"line":145,"column":18}},"74":{"start":{"line":149,"column":4},"end":{"line":163,"column":6}},"75":{"start":{"line":150,"column":8},"end":{"line":150,"column":22}},"76":{"start":{"line":152,"column":8},"end":{"line":152,"column":30}},"77":{"start":{"line":153,"column":8},"end":{"line":153,"column":16}},"78":{"start":{"line":154,"column":8},"end":{"line":161,"column":9}},"79":{"start":{"line":156,"column":12},"end":{"line":160,"column":13}},"80":{"start":{"line":157,"column":16},"end":{"line":159,"column":17}},"81":{"start":{"line":158,"column":20},"end":{"line":158,"column":43}},"82":{"start":{"line":162,"column":8},"end":{"line":162,"column":28}},"83":{"start":{"line":165,"column":4},"end":{"line":175,"column":6}},"84":{"start":{"line":166,"column":8},"end":{"line":166,"column":22}},"85":{"start":{"line":168,"column":8},"end":{"line":168,"column":27}},"86":{"start":{"line":170,"column":8},"end":{"line":174,"column":9}},"87":{"start":{"line":171,"column":12},"end":{"line":173,"column":13}},"88":{"start":{"line":172,"column":16},"end":{"line":172,"column":56}},"89":{"start":{"line":177,"column":4},"end":{"line":251,"column":6}},"90":{"start":{"line":178,"column":8},"end":{"line":178,"column":22}},"91":{"start":{"line":180,"column":8},"end":{"line":180,"column":27}},"92":{"start":{"line":182,"column":8},"end":{"line":182,"column":30}},"93":{"start":{"line":184,"column":8},"end":{"line":184,"column":40}},"94":{"start":{"line":185,"column":8},"end":{"line":185,"column":45}},"95":{"start":{"line":188,"column":8},"end":{"line":188,"column":16}},"96":{"start":{"line":189,"column":8},"end":{"line":195,"column":9}},"97":{"start":{"line":191,"column":12},"end":{"line":194,"column":13}},"98":{"start":{"line":192,"column":16},"end":{"line":192,"column":72}},"99":{"start":{"line":193,"column":16},"end":{"line":193,"column":47}},"100":{"start":{"line":197,"column":8},"end":{"line":197,"column":54}},"101":{"start":{"line":198,"column":8},"end":{"line":198,"column":24}},"102":{"start":{"line":199,"column":8},"end":{"line":208,"column":9}},"103":{"start":{"line":200,"column":12},"end":{"line":200,"column":44}},"104":{"start":{"line":201,"column":12},"end":{"line":207,"column":13}},"105":{"start":{"line":202,"column":16},"end":{"line":205,"column":18}},"106":{"start":{"line":206,"column":16},"end":{"line":206,"column":47}},"107":{"start":{"line":210,"column":8},"end":{"line":213,"column":9}},"108":{"start":{"line":211,"column":12},"end":{"line":211,"column":48}},"109":{"start":{"line":212,"column":12},"end":{"line":212,"column":29}},"110":{"start":{"line":214,"column":8},"end":{"line":217,"column":9}},"111":{"start":{"line":215,"column":12},"end":{"line":215,"column":48}},"112":{"start":{"line":216,"column":12},"end":{"line":216,"column":29}},"113":{"start":{"line":218,"column":8},"end":{"line":221,"column":9}},"114":{"start":{"line":219,"column":12},"end":{"line":219,"column":60}},"115":{"start":{"line":220,"column":12},"end":{"line":220,"column":29}},"116":{"start":{"line":223,"column":8},"end":{"line":232,"column":9}},"117":{"start":{"line":224,"column":12},"end":{"line":224,"column":60}},"118":{"start":{"line":225,"column":12},"end":{"line":225,"column":58}},"119":{"start":{"line":227,"column":12},"end":{"line":229,"column":13}},"120":{"start":{"line":228,"column":16},"end":{"line":228,"column":33}},"121":{"start":{"line":231,"column":12},"end":{"line":231,"column":38}},"122":{"start":{"line":234,"column":8},"end":{"line":248,"column":9}},"123":{"start":{"line":237,"column":12},"end":{"line":240,"column":13}},"124":{"start":{"line":239,"column":16},"end":{"line":239,"column":36}},"125":{"start":{"line":243,"column":12},"end":{"line":247,"column":14}},"126":{"start":{"line":250,"column":8},"end":{"line":250,"column":25}},"127":{"start":{"line":253,"column":4},"end":{"line":265,"column":6}},"128":{"start":{"line":254,"column":8},"end":{"line":254,"column":22}},"129":{"start":{"line":256,"column":8},"end":{"line":264,"column":9}},"130":{"start":{"line":257,"column":12},"end":{"line":257,"column":39}},"131":{"start":{"line":259,"column":12},"end":{"line":261,"column":13}},"132":{"start":{"line":260,"column":16},"end":{"line":260,"column":49}},"133":{"start":{"line":263,"column":12},"end":{"line":263,"column":42}},"134":{"start":{"line":270,"column":4},"end":{"line":270,"column":24}},"135":{"start":{"line":271,"column":4},"end":{"line":271,"column":40}},"136":{"start":{"line":272,"column":4},"end":{"line":272,"column":51}},"137":{"start":{"line":274,"column":4},"end":{"line":274,"column":36}},"138":{"start":{"line":275,"column":4},"end":{"line":275,"column":31}},"139":{"start":{"line":276,"column":4},"end":{"line":276,"column":38}},"140":{"start":{"line":277,"column":4},"end":{"line":277,"column":36}},"141":{"start":{"line":278,"column":4},"end":{"line":278,"column":33}},"142":{"start":{"line":280,"column":4},"end":{"line":287,"column":6}},"143":{"start":{"line":281,"column":8},"end":{"line":286,"column":10}},"144":{"start":{"line":289,"column":4},"end":{"line":294,"column":6}},"145":{"start":{"line":290,"column":8},"end":{"line":293,"column":10}},"146":{"start":{"line":296,"column":4},"end":{"line":333,"column":6}},"147":{"start":{"line":297,"column":8},"end":{"line":299,"column":9}},"148":{"start":{"line":298,"column":12},"end":{"line":298,"column":23}},"149":{"start":{"line":300,"column":8},"end":{"line":300,"column":68}},"150":{"start":{"line":302,"column":8},"end":{"line":317,"column":9}},"151":{"start":{"line":303,"column":12},"end":{"line":316,"column":13}},"152":{"start":{"line":304,"column":16},"end":{"line":304,"column":53}},"153":{"start":{"line":305,"column":16},"end":{"line":309,"column":17}},"154":{"start":{"line":306,"column":20},"end":{"line":306,"column":39}},"155":{"start":{"line":307,"column":20},"end":{"line":307,"column":46}},"156":{"start":{"line":308,"column":20},"end":{"line":308,"column":44}},"157":{"start":{"line":310,"column":19},"end":{"line":316,"column":13}},"158":{"start":{"line":311,"column":16},"end":{"line":311,"column":57}},"159":{"start":{"line":312,"column":16},"end":{"line":315,"column":17}},"160":{"start":{"line":313,"column":20},"end":{"line":313,"column":41}},"161":{"start":{"line":314,"column":20},"end":{"line":314,"column":44}},"162":{"start":{"line":319,"column":8},"end":{"line":319,"column":32}},"163":{"start":{"line":321,"column":8},"end":{"line":326,"column":9}},"164":{"start":{"line":323,"column":12},"end":{"line":325,"column":13}},"165":{"start":{"line":324,"column":16},"end":{"line":324,"column":31}},"166":{"start":{"line":328,"column":8},"end":{"line":332,"column":10}},"167":{"start":{"line":335,"column":4},"end":{"line":433,"column":6}},"168":{"start":{"line":337,"column":8},"end":{"line":337,"column":32}},"169":{"start":{"line":338,"column":8},"end":{"line":338,"column":33}},"170":{"start":{"line":339,"column":8},"end":{"line":339,"column":23}},"171":{"start":{"line":340,"column":8},"end":{"line":340,"column":18}},"172":{"start":{"line":342,"column":8},"end":{"line":373,"column":9}},"173":{"start":{"line":343,"column":12},"end":{"line":367,"column":13}},"174":{"start":{"line":344,"column":16},"end":{"line":344,"column":50}},"175":{"start":{"line":345,"column":16},"end":{"line":358,"column":18}},"176":{"start":{"line":346,"column":20},"end":{"line":346,"column":24}},"177":{"start":{"line":347,"column":20},"end":{"line":350,"column":21}},"178":{"start":{"line":348,"column":24},"end":{"line":348,"column":41}},"179":{"start":{"line":349,"column":24},"end":{"line":349,"column":31}},"180":{"start":{"line":351,"column":20},"end":{"line":357,"column":22}},"181":{"start":{"line":355,"column":28},"end":{"line":355,"column":41}},"182":{"start":{"line":359,"column":16},"end":{"line":359,"column":29}},"183":{"start":{"line":360,"column":16},"end":{"line":360,"column":23}},"184":{"start":{"line":362,"column":16},"end":{"line":362,"column":35}},"185":{"start":{"line":363,"column":16},"end":{"line":363,"column":50}},"186":{"start":{"line":364,"column":16},"end":{"line":366,"column":17}},"187":{"start":{"line":365,"column":20},"end":{"line":365,"column":56}},"188":{"start":{"line":368,"column":15},"end":{"line":373,"column":9}},"189":{"start":{"line":369,"column":12},"end":{"line":369,"column":45}},"190":{"start":{"line":370,"column":12},"end":{"line":370,"column":33}},"191":{"start":{"line":372,"column":12},"end":{"line":372,"column":130}},"192":{"start":{"line":375,"column":8},"end":{"line":422,"column":10}},"193":{"start":{"line":376,"column":12},"end":{"line":421,"column":13}},"194":{"start":{"line":377,"column":16},"end":{"line":379,"column":17}},"195":{"start":{"line":378,"column":20},"end":{"line":378,"column":47}},"196":{"start":{"line":380,"column":16},"end":{"line":380,"column":48}},"197":{"start":{"line":382,"column":16},"end":{"line":418,"column":17}},"198":{"start":{"line":384,"column":20},"end":{"line":401,"column":21}},"199":{"start":{"line":385,"column":24},"end":{"line":385,"column":91}},"200":{"start":{"line":386,"column":24},"end":{"line":386,"column":41}},"201":{"start":{"line":387,"column":24},"end":{"line":387,"column":31}},"202":{"start":{"line":389,"column":24},"end":{"line":400,"column":25}},"203":{"start":{"line":391,"column":28},"end":{"line":393,"column":30}},"204":{"start":{"line":394,"column":28},"end":{"line":394,"column":45}},"205":{"start":{"line":395,"column":28},"end":{"line":395,"column":35}},"206":{"start":{"line":397,"column":28},"end":{"line":397,"column":65}},"207":{"start":{"line":398,"column":28},"end":{"line":398,"column":45}},"208":{"start":{"line":399,"column":28},"end":{"line":399,"column":35}},"209":{"start":{"line":402,"column":23},"end":{"line":418,"column":17}},"210":{"start":{"line":404,"column":20},"end":{"line":404,"column":37}},"211":{"start":{"line":407,"column":20},"end":{"line":417,"column":21}},"212":{"start":{"line":408,"column":24},"end":{"line":412,"column":25}},"213":{"start":{"line":409,"column":28},"end":{"line":409,"column":98}},"214":{"start":{"line":411,"column":28},"end":{"line":411,"column":69}},"215":{"start":{"line":413,"column":24},"end":{"line":413,"column":41}},"216":{"start":{"line":415,"column":24},"end":{"line":415,"column":65}},"217":{"start":{"line":416,"column":24},"end":{"line":416,"column":41}},"218":{"start":{"line":420,"column":16},"end":{"line":420,"column":33}},"219":{"start":{"line":424,"column":8},"end":{"line":427,"column":11}},"220":{"start":{"line":426,"column":12},"end":{"line":426,"column":36}},"221":{"start":{"line":428,"column":8},"end":{"line":432,"column":9}},"222":{"start":{"line":431,"column":12},"end":{"line":431,"column":42}},"223":{"start":{"line":435,"column":4},"end":{"line":511,"column":6}},"224":{"start":{"line":437,"column":8},"end":{"line":440,"column":9}},"225":{"start":{"line":438,"column":12},"end":{"line":438,"column":27}},"226":{"start":{"line":439,"column":12},"end":{"line":439,"column":32}},"227":{"start":{"line":442,"column":8},"end":{"line":444,"column":9}},"228":{"start":{"line":443,"column":12},"end":{"line":443,"column":25}},"229":{"start":{"line":446,"column":8},"end":{"line":456,"column":10}},"230":{"start":{"line":450,"column":16},"end":{"line":450,"column":47}},"231":{"start":{"line":458,"column":8},"end":{"line":463,"column":9}},"232":{"start":{"line":459,"column":12},"end":{"line":459,"column":57}},"233":{"start":{"line":460,"column":12},"end":{"line":460,"column":53}},"234":{"start":{"line":462,"column":12},"end":{"line":462,"column":54}},"235":{"start":{"line":465,"column":8},"end":{"line":465,"column":31}},"236":{"start":{"line":466,"column":8},"end":{"line":466,"column":22}},"237":{"start":{"line":467,"column":8},"end":{"line":473,"column":10}},"238":{"start":{"line":468,"column":12},"end":{"line":468,"column":33}},"239":{"start":{"line":469,"column":12},"end":{"line":469,"column":30}},"240":{"start":{"line":470,"column":12},"end":{"line":472,"column":13}},"241":{"start":{"line":471,"column":16},"end":{"line":471,"column":31}},"242":{"start":{"line":474,"column":8},"end":{"line":474,"column":49}},"243":{"start":{"line":476,"column":8},"end":{"line":502,"column":11}},"244":{"start":{"line":477,"column":12},"end":{"line":485,"column":13}},"245":{"start":{"line":478,"column":16},"end":{"line":480,"column":17}},"246":{"start":{"line":479,"column":20},"end":{"line":479,"column":59}},"247":{"start":{"line":482,"column":16},"end":{"line":484,"column":17}},"248":{"start":{"line":483,"column":20},"end":{"line":483,"column":70}},"249":{"start":{"line":487,"column":12},"end":{"line":491,"column":13}},"250":{"start":{"line":488,"column":16},"end":{"line":488,"column":48}},"251":{"start":{"line":489,"column":16},"end":{"line":489,"column":60}},"252":{"start":{"line":490,"column":16},"end":{"line":490,"column":23}},"253":{"start":{"line":493,"column":12},"end":{"line":497,"column":13}},"254":{"start":{"line":494,"column":16},"end":{"line":494,"column":55}},"255":{"start":{"line":495,"column":16},"end":{"line":495,"column":60}},"256":{"start":{"line":496,"column":16},"end":{"line":496,"column":23}},"257":{"start":{"line":499,"column":12},"end":{"line":499,"column":30}},"258":{"start":{"line":500,"column":12},"end":{"line":500,"column":56}},"259":{"start":{"line":501,"column":12},"end":{"line":501,"column":19}},"260":{"start":{"line":503,"column":8},"end":{"line":510,"column":9}},"261":{"start":{"line":504,"column":12},"end":{"line":504,"column":29}},"262":{"start":{"line":506,"column":12},"end":{"line":508,"column":13}},"263":{"start":{"line":507,"column":16},"end":{"line":507,"column":30}},"264":{"start":{"line":509,"column":12},"end":{"line":509,"column":34}},"265":{"start":{"line":513,"column":4},"end":{"line":528,"column":6}},"266":{"start":{"line":514,"column":8},"end":{"line":522,"column":10}},"267":{"start":{"line":515,"column":12},"end":{"line":521,"column":13}},"268":{"start":{"line":516,"column":16},"end":{"line":518,"column":17}},"269":{"start":{"line":517,"column":20},"end":{"line":517,"column":51}},"270":{"start":{"line":520,"column":16},"end":{"line":520,"column":57}},"271":{"start":{"line":523,"column":8},"end":{"line":526,"column":9}},"272":{"start":{"line":524,"column":12},"end":{"line":524,"column":32}},"273":{"start":{"line":525,"column":12},"end":{"line":525,"column":25}},"274":{"start":{"line":527,"column":8},"end":{"line":527,"column":21}},"275":{"start":{"line":530,"column":4},"end":{"line":562,"column":6}},"276":{"start":{"line":532,"column":8},"end":{"line":532,"column":87}},"277":{"start":{"line":534,"column":8},"end":{"line":554,"column":10}},"278":{"start":{"line":536,"column":12},"end":{"line":536,"column":68}},"279":{"start":{"line":538,"column":12},"end":{"line":540,"column":13}},"280":{"start":{"line":539,"column":16},"end":{"line":539,"column":38}},"281":{"start":{"line":542,"column":12},"end":{"line":542,"column":89}},"282":{"start":{"line":544,"column":12},"end":{"line":544,"column":65}},"283":{"start":{"line":545,"column":12},"end":{"line":545,"column":43}},"284":{"start":{"line":546,"column":12},"end":{"line":546,"column":41}},"285":{"start":{"line":548,"column":12},"end":{"line":550,"column":13}},"286":{"start":{"line":549,"column":16},"end":{"line":549,"column":109}},"287":{"start":{"line":551,"column":12},"end":{"line":553,"column":13}},"288":{"start":{"line":552,"column":16},"end":{"line":552,"column":28}},"289":{"start":{"line":556,"column":8},"end":{"line":559,"column":9}},"290":{"start":{"line":557,"column":12},"end":{"line":557,"column":32}},"291":{"start":{"line":558,"column":12},"end":{"line":558,"column":25}},"292":{"start":{"line":561,"column":8},"end":{"line":561,"column":21}},"293":{"start":{"line":564,"column":4},"end":{"line":597,"column":6}},"294":{"start":{"line":565,"column":8},"end":{"line":567,"column":9}},"295":{"start":{"line":566,"column":12},"end":{"line":566,"column":87}},"296":{"start":{"line":568,"column":8},"end":{"line":594,"column":9}},"297":{"start":{"line":569,"column":12},"end":{"line":569,"column":64}},"298":{"start":{"line":572,"column":12},"end":{"line":580,"column":13}},"299":{"start":{"line":573,"column":16},"end":{"line":573,"column":97}},"300":{"start":{"line":574,"column":19},"end":{"line":580,"column":13},"skip":true},"301":{"start":{"line":575,"column":16},"end":{"line":575,"column":43},"skip":true},"302":{"start":{"line":576,"column":19},"end":{"line":580,"column":13},"skip":true},"303":{"start":{"line":577,"column":16},"end":{"line":579,"column":18},"skip":true},"304":{"start":{"line":582,"column":12},"end":{"line":582,"column":48}},"305":{"start":{"line":585,"column":12},"end":{"line":593,"column":13}},"306":{"start":{"line":586,"column":16},"end":{"line":586,"column":89}},"307":{"start":{"line":587,"column":19},"end":{"line":593,"column":13},"skip":true},"308":{"start":{"line":588,"column":16},"end":{"line":588,"column":35},"skip":true},"309":{"start":{"line":589,"column":19},"end":{"line":593,"column":13},"skip":true},"310":{"start":{"line":590,"column":16},"end":{"line":592,"column":18},"skip":true},"311":{"start":{"line":596,"column":8},"end":{"line":596,"column":83}},"312":{"start":{"line":599,"column":4},"end":{"line":599,"column":20}},"313":{"start":{"line":603,"column":0},"end":{"line":605,"column":1}},"314":{"start":{"line":604,"column":4},"end":{"line":604,"column":30}}},"branchMap":{"1":{"line":6,"type":"if","locations":[{"start":{"line":6,"column":4},"end":{"line":6,"column":4},"skip":true},{"start":{"line":6,"column":4},"end":{"line":6,"column":4},"skip":true}]},"2":{"line":11,"type":"if","locations":[{"start":{"line":11,"column":4},"end":{"line":11,"column":4},"skip":true},{"start":{"line":11,"column":4},"end":{"line":11,"column":4},"skip":true}]},"3":{"line":41,"type":"if","locations":[{"start":{"line":41,"column":16},"end":{"line":41,"column":16}},{"start":{"line":41,"column":16},"end":{"line":41,"column":16}}]},"4":{"line":62,"type":"if","locations":[{"start":{"line":62,"column":8},"end":{"line":62,"column":8}},{"start":{"line":62,"column":8},"end":{"line":62,"column":8}}]},"5":{"line":87,"type":"cond-expr","locations":[{"start":{"line":87,"column":53},"end":{"line":87,"column":67}},{"start":{"line":87,"column":70},"end":{"line":87,"column":79}}]},"6":{"line":103,"type":"if","locations":[{"start":{"line":103,"column":8},"end":{"line":103,"column":8}},{"start":{"line":103,"column":8},"end":{"line":103,"column":8}}]},"7":{"line":105,"type":"if","locations":[{"start":{"line":105,"column":12},"end":{"line":105,"column":12}},{"start":{"line":105,"column":12},"end":{"line":105,"column":12}}]},"8":{"line":156,"type":"if","locations":[{"start":{"line":156,"column":12},"end":{"line":156,"column":12}},{"start":{"line":156,"column":12},"end":{"line":156,"column":12},"skip":true}]},"9":{"line":157,"type":"if","locations":[{"start":{"line":157,"column":16},"end":{"line":157,"column":16}},{"start":{"line":157,"column":16},"end":{"line":157,"column":16}}]},"10":{"line":170,"type":"if","locations":[{"start":{"line":170,"column":8},"end":{"line":170,"column":8}},{"start":{"line":170,"column":8},"end":{"line":170,"column":8}}]},"11":{"line":171,"type":"if","locations":[{"start":{"line":171,"column":12},"end":{"line":171,"column":12}},{"start":{"line":171,"column":12},"end":{"line":171,"column":12}}]},"12":{"line":191,"type":"if","locations":[{"start":{"line":191,"column":12},"end":{"line":191,"column":12}},{"start":{"line":191,"column":12},"end":{"line":191,"column":12},"skip":true}]},"13":{"line":201,"type":"if","locations":[{"start":{"line":201,"column":12},"end":{"line":201,"column":12}},{"start":{"line":201,"column":12},"end":{"line":201,"column":12}}]},"14":{"line":210,"type":"if","locations":[{"start":{"line":210,"column":8},"end":{"line":210,"column":8}},{"start":{"line":210,"column":8},"end":{"line":210,"column":8}}]},"15":{"line":214,"type":"if","locations":[{"start":{"line":214,"column":8},"end":{"line":214,"column":8}},{"start":{"line":214,"column":8},"end":{"line":214,"column":8}}]},"16":{"line":218,"type":"if","locations":[{"start":{"line":218,"column":8},"end":{"line":218,"column":8}},{"start":{"line":218,"column":8},"end":{"line":218,"column":8}}]},"17":{"line":223,"type":"if","locations":[{"start":{"line":223,"column":8},"end":{"line":223,"column":8}},{"start":{"line":223,"column":8},"end":{"line":223,"column":8}}]},"18":{"line":227,"type":"if","locations":[{"start":{"line":227,"column":12},"end":{"line":227,"column":12}},{"start":{"line":227,"column":12},"end":{"line":227,"column":12}}]},"19":{"line":234,"type":"if","locations":[{"start":{"line":234,"column":8},"end":{"line":234,"column":8}},{"start":{"line":234,"column":8},"end":{"line":234,"column":8}}]},"20":{"line":237,"type":"if","locations":[{"start":{"line":237,"column":12},"end":{"line":237,"column":12}},{"start":{"line":237,"column":12},"end":{"line":237,"column":12}}]},"21":{"line":256,"type":"if","locations":[{"start":{"line":256,"column":8},"end":{"line":256,"column":8}},{"start":{"line":256,"column":8},"end":{"line":256,"column":8}}]},"22":{"line":259,"type":"if","locations":[{"start":{"line":259,"column":12},"end":{"line":259,"column":12}},{"start":{"line":259,"column":12},"end":{"line":259,"column":12}}]},"23":{"line":297,"type":"if","locations":[{"start":{"line":297,"column":8},"end":{"line":297,"column":8}},{"start":{"line":297,"column":8},"end":{"line":297,"column":8}}]},"24":{"line":300,"type":"cond-expr","locations":[{"start":{"line":300,"column":48},"end":{"line":300,"column":59}},{"start":{"line":300,"column":62},"end":{"line":300,"column":67}}]},"25":{"line":302,"type":"if","locations":[{"start":{"line":302,"column":8},"end":{"line":302,"column":8}},{"start":{"line":302,"column":8},"end":{"line":302,"column":8}}]},"26":{"line":302,"type":"binary-expr","locations":[{"start":{"line":302,"column":12},"end":{"line":302,"column":37}},{"start":{"line":302,"column":41},"end":{"line":302,"column":46}}]},"27":{"line":303,"type":"if","locations":[{"start":{"line":303,"column":12},"end":{"line":303,"column":12}},{"start":{"line":303,"column":12},"end":{"line":303,"column":12}}]},"28":{"line":305,"type":"if","locations":[{"start":{"line":305,"column":16},"end":{"line":305,"column":16}},{"start":{"line":305,"column":16},"end":{"line":305,"column":16}}]},"29":{"line":305,"type":"binary-expr","locations":[{"start":{"line":305,"column":20},"end":{"line":305,"column":38}},{"start":{"line":305,"column":42},"end":{"line":305,"column":102}}]},"30":{"line":310,"type":"if","locations":[{"start":{"line":310,"column":19},"end":{"line":310,"column":19}},{"start":{"line":310,"column":19},"end":{"line":310,"column":19}}]},"31":{"line":310,"type":"binary-expr","locations":[{"start":{"line":310,"column":23},"end":{"line":310,"column":47}},{"start":{"line":310,"column":51},"end":{"line":310,"column":76}}]},"32":{"line":312,"type":"if","locations":[{"start":{"line":312,"column":16},"end":{"line":312,"column":16}},{"start":{"line":312,"column":16},"end":{"line":312,"column":16}}]},"33":{"line":312,"type":"binary-expr","locations":[{"start":{"line":312,"column":20},"end":{"line":312,"column":40}},{"start":{"line":312,"column":44},"end":{"line":312,"column":106}}]},"34":{"line":321,"type":"if","locations":[{"start":{"line":321,"column":8},"end":{"line":321,"column":8}},{"start":{"line":321,"column":8},"end":{"line":321,"column":8}}]},"35":{"line":323,"type":"if","locations":[{"start":{"line":323,"column":12},"end":{"line":323,"column":12}},{"start":{"line":323,"column":12},"end":{"line":323,"column":12}}]},"36":{"line":342,"type":"if","locations":[{"start":{"line":342,"column":8},"end":{"line":342,"column":8}},{"start":{"line":342,"column":8},"end":{"line":342,"column":8}}]},"37":{"line":343,"type":"if","locations":[{"start":{"line":343,"column":12},"end":{"line":343,"column":12}},{"start":{"line":343,"column":12},"end":{"line":343,"column":12}}]},"38":{"line":347,"type":"if","locations":[{"start":{"line":347,"column":20},"end":{"line":347,"column":20}},{"start":{"line":347,"column":20},"end":{"line":347,"column":20}}]},"39":{"line":347,"type":"binary-expr","locations":[{"start":{"line":347,"column":23},"end":{"line":347,"column":42}},{"start":{"line":347,"column":46},"end":{"line":347,"column":71}}]},"40":{"line":364,"type":"if","locations":[{"start":{"line":364,"column":16},"end":{"line":364,"column":16}},{"start":{"line":364,"column":16},"end":{"line":364,"column":16}}]},"41":{"line":364,"type":"binary-expr","locations":[{"start":{"line":364,"column":20},"end":{"line":364,"column":25}},{"start":{"line":364,"column":30},"end":{"line":364,"column":63}}]},"42":{"line":368,"type":"if","locations":[{"start":{"line":368,"column":15},"end":{"line":368,"column":15}},{"start":{"line":368,"column":15},"end":{"line":368,"column":15}}]},"43":{"line":376,"type":"if","locations":[{"start":{"line":376,"column":12},"end":{"line":376,"column":12}},{"start":{"line":376,"column":12},"end":{"line":376,"column":12}}]},"44":{"line":376,"type":"binary-expr","locations":[{"start":{"line":376,"column":16},"end":{"line":376,"column":33}},{"start":{"line":376,"column":37},"end":{"line":376,"column":59}}]},"45":{"line":377,"type":"if","locations":[{"start":{"line":377,"column":16},"end":{"line":377,"column":16}},{"start":{"line":377,"column":16},"end":{"line":377,"column":16}}]},"46":{"line":382,"type":"if","locations":[{"start":{"line":382,"column":16},"end":{"line":382,"column":16}},{"start":{"line":382,"column":16},"end":{"line":382,"column":16}}]},"47":{"line":384,"type":"if","locations":[{"start":{"line":384,"column":20},"end":{"line":384,"column":20}},{"start":{"line":384,"column":20},"end":{"line":384,"column":20}}]},"48":{"line":389,"type":"if","locations":[{"start":{"line":389,"column":24},"end":{"line":389,"column":24}},{"start":{"line":389,"column":24},"end":{"line":389,"column":24}}]},"49":{"line":402,"type":"if","locations":[{"start":{"line":402,"column":23},"end":{"line":402,"column":23}},{"start":{"line":402,"column":23},"end":{"line":402,"column":23}}]},"50":{"line":407,"type":"if","locations":[{"start":{"line":407,"column":20},"end":{"line":407,"column":20}},{"start":{"line":407,"column":20},"end":{"line":407,"column":20}}]},"51":{"line":408,"type":"if","locations":[{"start":{"line":408,"column":24},"end":{"line":408,"column":24}},{"start":{"line":408,"column":24},"end":{"line":408,"column":24}}]},"52":{"line":428,"type":"if","locations":[{"start":{"line":428,"column":8},"end":{"line":428,"column":8}},{"start":{"line":428,"column":8},"end":{"line":428,"column":8}}]},"53":{"line":437,"type":"if","locations":[{"start":{"line":437,"column":8},"end":{"line":437,"column":8}},{"start":{"line":437,"column":8},"end":{"line":437,"column":8}}]},"54":{"line":442,"type":"if","locations":[{"start":{"line":442,"column":8},"end":{"line":442,"column":8}},{"start":{"line":442,"column":8},"end":{"line":442,"column":8}}]},"55":{"line":458,"type":"if","locations":[{"start":{"line":458,"column":8},"end":{"line":458,"column":8}},{"start":{"line":458,"column":8},"end":{"line":458,"column":8}}]},"56":{"line":470,"type":"if","locations":[{"start":{"line":470,"column":12},"end":{"line":470,"column":12}},{"start":{"line":470,"column":12},"end":{"line":470,"column":12}}]},"57":{"line":476,"type":"binary-expr","locations":[{"start":{"line":476,"column":47},"end":{"line":476,"column":53}},{"start":{"line":476,"column":57},"end":{"line":476,"column":59}}]},"58":{"line":477,"type":"if","locations":[{"start":{"line":477,"column":12},"end":{"line":477,"column":12}},{"start":{"line":477,"column":12},"end":{"line":477,"column":12}}]},"59":{"line":478,"type":"if","locations":[{"start":{"line":478,"column":16},"end":{"line":478,"column":16}},{"start":{"line":478,"column":16},"end":{"line":478,"column":16}}]},"60":{"line":482,"type":"if","locations":[{"start":{"line":482,"column":16},"end":{"line":482,"column":16}},{"start":{"line":482,"column":16},"end":{"line":482,"column":16}}]},"61":{"line":487,"type":"if","locations":[{"start":{"line":487,"column":12},"end":{"line":487,"column":12}},{"start":{"line":487,"column":12},"end":{"line":487,"column":12}}]},"62":{"line":493,"type":"if","locations":[{"start":{"line":493,"column":12},"end":{"line":493,"column":12}},{"start":{"line":493,"column":12},"end":{"line":493,"column":12}}]},"63":{"line":503,"type":"if","locations":[{"start":{"line":503,"column":8},"end":{"line":503,"column":8}},{"start":{"line":503,"column":8},"end":{"line":503,"column":8}}]},"64":{"line":506,"type":"if","locations":[{"start":{"line":506,"column":12},"end":{"line":506,"column":12}},{"start":{"line":506,"column":12},"end":{"line":506,"column":12}}]},"65":{"line":515,"type":"if","locations":[{"start":{"line":515,"column":12},"end":{"line":515,"column":12}},{"start":{"line":515,"column":12},"end":{"line":515,"column":12}}]},"66":{"line":515,"type":"binary-expr","locations":[{"start":{"line":515,"column":16},"end":{"line":515,"column":30}},{"start":{"line":515,"column":34},"end":{"line":515,"column":53}}]},"67":{"line":516,"type":"if","locations":[{"start":{"line":516,"column":16},"end":{"line":516,"column":16}},{"start":{"line":516,"column":16},"end":{"line":516,"column":16}}]},"68":{"line":516,"type":"binary-expr","locations":[{"start":{"line":516,"column":20},"end":{"line":516,"column":28}},{"start":{"line":516,"column":32},"end":{"line":516,"column":54}}]},"69":{"line":523,"type":"if","locations":[{"start":{"line":523,"column":8},"end":{"line":523,"column":8}},{"start":{"line":523,"column":8},"end":{"line":523,"column":8}}]},"70":{"line":532,"type":"cond-expr","locations":[{"start":{"line":532,"column":65},"end":{"line":532,"column":79}},{"start":{"line":532,"column":82},"end":{"line":532,"column":86}}]},"71":{"line":532,"type":"binary-expr","locations":[{"start":{"line":532,"column":24},"end":{"line":532,"column":29}},{"start":{"line":532,"column":33},"end":{"line":532,"column":61}}]},"72":{"line":538,"type":"if","locations":[{"start":{"line":538,"column":12},"end":{"line":538,"column":12}},{"start":{"line":538,"column":12},"end":{"line":538,"column":12}}]},"73":{"line":548,"type":"if","locations":[{"start":{"line":548,"column":12},"end":{"line":548,"column":12}},{"start":{"line":548,"column":12},"end":{"line":548,"column":12}}]},"74":{"line":551,"type":"if","locations":[{"start":{"line":551,"column":12},"end":{"line":551,"column":12}},{"start":{"line":551,"column":12},"end":{"line":551,"column":12}}]},"75":{"line":556,"type":"if","locations":[{"start":{"line":556,"column":8},"end":{"line":556,"column":8}},{"start":{"line":556,"column":8},"end":{"line":556,"column":8}}]},"76":{"line":565,"type":"if","locations":[{"start":{"line":565,"column":8},"end":{"line":565,"column":8}},{"start":{"line":565,"column":8},"end":{"line":565,"column":8}}]},"77":{"line":568,"type":"if","locations":[{"start":{"line":568,"column":8},"end":{"line":568,"column":8}},{"start":{"line":568,"column":8},"end":{"line":568,"column":8}}]},"78":{"line":572,"type":"if","locations":[{"start":{"line":572,"column":12},"end":{"line":572,"column":12}},{"start":{"line":572,"column":12},"end":{"line":572,"column":12},"skip":true}]},"79":{"line":574,"type":"if","locations":[{"start":{"line":574,"column":19},"end":{"line":574,"column":19},"skip":true},{"start":{"line":574,"column":19},"end":{"line":574,"column":19},"skip":true}]},"80":{"line":576,"type":"if","locations":[{"start":{"line":576,"column":19},"end":{"line":576,"column":19},"skip":true},{"start":{"line":576,"column":19},"end":{"line":576,"column":19},"skip":true}]},"81":{"line":585,"type":"if","locations":[{"start":{"line":585,"column":12},"end":{"line":585,"column":12}},{"start":{"line":585,"column":12},"end":{"line":585,"column":12},"skip":true}]},"82":{"line":587,"type":"if","locations":[{"start":{"line":587,"column":19},"end":{"line":587,"column":19},"skip":true},{"start":{"line":587,"column":19},"end":{"line":587,"column":19},"skip":true}]},"83":{"line":589,"type":"if","locations":[{"start":{"line":589,"column":19},"end":{"line":589,"column":19},"skip":true},{"start":{"line":589,"column":19},"end":{"line":589,"column":19},"skip":true}]},"84":{"line":603,"type":"if","locations":[{"start":{"line":603,"column":0},"end":{"line":603,"column":0}},{"start":{"line":603,"column":0},"end":{"line":603,"column":0},"skip":true}]}},"l":{"1":1,"4":1,"6":1,"7":1,"11":1,"12":1,"13":1,"17":1,"18":42,"20":42,"22":42,"23":42,"24":42,"25":42,"26":42,"27":42,"28":42,"29":42,"32":42,"35":1,"36":2,"38":2,"40":2,"41":2,"42":1,"45":1,"50":1,"51":11,"53":11,"55":11,"56":11,"57":11,"58":11,"59":11,"62":11,"64":1,"66":10,"70":1,"71":11,"73":11,"75":11,"77":11,"81":11,"84":11,"87":11,"91":1,"92":8,"94":8,"96":8,"99":1,"100":13,"102":13,"103":13,"105":3,"106":1,"108":2,"115":10,"116":10,"118":13,"121":1,"122":10,"124":10,"125":10,"126":10,"129":1,"130":2,"132":2,"136":2,"137":2,"140":1,"141":1,"143":1,"145":1,"149":1,"150":34,"152":34,"153":34,"154":34,"156":5,"157":5,"158":3,"162":34,"165":1,"166":30,"168":30,"170":30,"171":29,"172":4,"177":1,"178":34,"180":34,"182":34,"184":34,"185":34,"188":34,"189":34,"191":2,"192":2,"193":2,"197":34,"198":34,"199":34,"200":3,"201":3,"202":2,"206":2,"210":34,"211":9,"212":9,"214":34,"215":8,"216":8,"218":34,"219":4,"220":4,"223":34,"224":21,"225":21,"227":21,"228":20,"231":1,"234":14,"237":7,"239":5,"243":2,"250":7,"253":1,"254":34,"256":34,"257":5,"259":5,"260":1,"263":29,"270":1,"271":1,"272":1,"274":1,"275":1,"276":1,"277":1,"278":1,"280":1,"281":1,"289":1,"290":7,"296":1,"297":13,"298":4,"300":13,"302":13,"303":12,"304":2,"305":2,"306":1,"307":1,"308":1,"310":10,"311":4,"312":4,"313":3,"314":3,"319":13,"321":13,"323":2,"324":1,"328":13,"335":1,"337":78,"338":78,"339":78,"340":78,"342":78,"343":70,"344":32,"345":32,"346":79,"347":79,"348":32,"349":32,"351":47,"355":47,"359":32,"360":32,"362":38,"363":38,"364":38,"365":2,"368":8,"369":7,"370":7,"372":1,"375":45,"376":45,"377":27,"378":25,"380":27,"382":27,"384":11,"385":9,"386":9,"387":9,"389":2,"391":1,"394":1,"395":1,"397":1,"398":1,"399":1,"402":16,"404":1,"407":15,"408":10,"409":9,"411":1,"413":10,"415":5,"416":5,"420":18,"424":45,"426":7,"428":45,"431":38,"435":1,"437":31,"438":1,"439":1,"442":31,"443":8,"446":31,"450":12,"458":31,"459":20,"460":20,"462":11,"465":31,"466":31,"467":31,"468":25,"469":25,"470":25,"471":14,"474":31,"476":31,"477":30,"478":25,"479":13,"482":5,"483":4,"487":30,"488":1,"489":1,"490":1,"493":29,"494":9,"495":9,"496":9,"499":20,"500":20,"501":20,"503":30,"504":24,"506":6,"507":5,"509":6,"513":1,"514":12,"515":12,"516":6,"517":5,"520":1,"523":12,"524":1,"525":1,"527":11,"530":1,"532":7,"534":7,"536":7,"538":7,"539":1,"542":6,"544":6,"545":6,"546":6,"548":6,"549":4,"551":2,"552":1,"556":7,"557":6,"558":6,"561":1,"564":1,"565":15,"566":2,"568":13,"569":10,"572":10,"573":1,"574":9,"575":2,"576":7,"577":1,"582":3,"585":3,"586":1,"587":2,"588":1,"589":1,"590":1,"596":6,"599":1,"603":1,"604":1}}}
