{
"/Users/marcuslongmuir/Documents/workspace/FieldVal/fieldval-js/src/FieldVal.js":{"path":"/Users/marcuslongmuir/Documents/workspace/FieldVal/fieldval-js/src/FieldVal.js","s":{"1":1,"2":1,"3":0,"4":0,"5":1,"6":117,"7":117,"8":29,"9":29,"10":88,"11":1,"12":50,"13":50,"14":50,"15":50,"16":50,"17":50,"18":50,"19":50,"20":50,"21":4,"22":3,"23":3,"24":3,"25":0,"26":0,"27":0,"28":0,"29":0,"30":0,"31":0,"32":0,"33":3,"34":3,"35":6,"36":6,"37":3,"38":2,"39":3,"40":1,"41":1,"42":1,"43":1,"44":3,"45":3,"46":1,"47":1,"48":1,"49":1,"50":2,"51":2,"52":2,"53":2,"54":0,"55":2,"56":2,"57":2,"58":2,"59":3,"60":3,"61":3,"62":1,"63":2,"64":2,"65":2,"66":1,"67":1,"68":2,"69":2,"70":1,"71":1,"72":19,"73":19,"74":19,"75":19,"76":18,"77":18,"78":0,"79":0,"80":18,"81":18,"82":1,"83":1,"84":1,"85":1,"86":2,"87":2,"88":2,"89":1,"90":1,"91":2,"92":2,"93":1,"94":1,"95":2,"96":1,"97":2,"98":1,"99":1,"100":2,"101":1,"102":1,"103":2,"104":2,"105":2,"106":2,"107":1,"108":1,"109":1,"110":16,"111":16,"112":16,"113":16,"114":16,"115":16,"116":16,"117":16,"118":3,"119":13,"120":1,"121":17,"122":17,"123":0,"124":17,"125":17,"126":17,"127":17,"128":17,"129":17,"130":17,"131":1,"132":8,"133":8,"134":8,"135":1,"136":19,"137":19,"138":3,"139":1,"140":2,"141":2,"142":0,"143":1,"144":2,"145":0,"146":2,"147":3,"148":16,"149":1,"150":11,"151":11,"152":11,"153":1,"154":2,"155":2,"156":2,"157":1,"158":1,"159":1,"160":1,"161":1,"162":39,"163":39,"164":39,"165":39,"166":13,"167":13,"168":5,"169":39,"170":1,"171":36,"172":36,"173":36,"174":35,"175":5,"176":1,"177":39,"178":39,"179":39,"180":39,"181":39,"182":39,"183":3,"184":3,"185":39,"186":39,"187":39,"188":5,"189":5,"190":3,"191":39,"192":11,"193":11,"194":39,"195":12,"196":12,"197":39,"198":6,"199":6,"200":39,"201":25,"202":25,"203":25,"204":24,"205":1,"206":15,"207":7,"208":5,"209":2,"210":8,"211":1,"212":39,"213":39,"214":6,"215":6,"216":1,"217":33,"218":1,"219":0,"220":0,"221":0,"222":0,"223":0,"224":1,"225":1,"226":1,"227":1,"228":1,"229":1,"230":1,"231":1,"232":1,"233":1,"234":1,"235":1,"236":8,"237":1,"238":13,"239":4,"240":13,"241":13,"242":12,"243":2,"244":2,"245":1,"246":1,"247":1,"248":10,"249":4,"250":4,"251":3,"252":3,"253":13,"254":13,"255":2,"256":1,"257":13,"258":1,"259":92,"260":92,"261":92,"262":92,"263":92,"264":82,"265":38,"266":38,"267":38,"268":38,"269":93,"270":93,"271":38,"272":38,"273":38,"274":55,"275":55,"276":55,"277":9,"278":38,"279":38,"280":31,"281":2,"282":29,"283":7,"284":44,"285":44,"286":44,"287":2,"288":10,"289":9,"290":9,"291":1,"292":53,"293":53,"294":32,"295":30,"296":32,"297":32,"298":12,"299":10,"300":10,"301":10,"302":2,"303":1,"304":1,"305":1,"306":1,"307":1,"308":1,"309":20,"310":1,"311":19,"312":14,"313":13,"314":1,"315":14,"316":5,"317":5,"318":21,"319":53,"320":9,"321":53,"322":9,"323":44,"324":44,"325":1,"326":37,"327":1,"328":1,"329":37,"330":8,"331":37,"332":15,"333":37,"334":26,"335":26,"336":11,"337":37,"338":37,"339":37,"340":30,"341":30,"342":30,"343":19,"344":37,"345":37,"346":36,"347":30,"348":18,"349":6,"350":5,"351":36,"352":1,"353":1,"354":1,"355":35,"356":9,"357":9,"358":9,"359":26,"360":26,"361":26,"362":36,"363":9,"364":8,"365":9,"366":27,"367":27,"368":0,"369":1,"370":12,"371":12,"372":6,"373":5,"374":1,"375":12,"376":1,"377":1,"378":11,"379":1,"380":7,"381":7,"382":7,"383":7,"384":1,"385":6,"386":6,"387":6,"388":6,"389":6,"390":4,"391":2,"392":1,"393":7,"394":6,"395":6,"396":1,"397":1,"398":16,"399":2,"400":14,"401":11,"402":11,"403":1,"404":10,"405":2,"406":8,"407":1,"408":3,"409":3,"410":1,"411":2,"412":1,"413":1,"414":1,"415":7,"416":1,"417":1,"418":1},"b":{"1":[0,1],"2":[29,0],"3":[4,46],"4":[3,1],"5":[3,0],"6":[0,0],"7":[0,0],"8":[3,0],"9":[6,0],"10":[2,1],"11":[1,2],"12":[1,0],"13":[3,0],"14":[1,0],"15":[0,2],"16":[1,2],"17":[2,0],"18":[1,1],"19":[2,0],"20":[18,1],"21":[0,18],"22":[1,1],"23":[1,1],"24":[1,1],"25":[1,1],"26":[1,1],"27":[3,13],"28":[0,17],"29":[17,0],"30":[4,13],"31":[3,16],"32":[1,2],"33":[0,2],"34":[2,0],"35":[0,2],"36":[2,2],"37":[13,0],"38":[5,8],"39":[35,1],"40":[5,30],"41":[3,0],"42":[3,2],"43":[11,28],"44":[12,27],"45":[6,33],"46":[25,14],"47":[24,1],"48":[7,8],"49":[5,2],"50":[6,33],"51":[1,5],"52":[0,0],"53":[0,0],"54":[4,9],"55":[6,7],"56":[12,1],"57":[13,7],"58":[2,10],"59":[1,1],"60":[2,2],"61":[4,6],"62":[10,9],"63":[3,1],"64":[4,4],"65":[2,11],"66":[1,1],"67":[82,10],"68":[38,44],"69":[38,55],"70":[93,61],"71":[9,46],"72":[31,7],"73":[2,29],"74":[2,42],"75":[44,44],"76":[9,1],"77":[32,21],"78":[53,53],"79":[30,2],"80":[12,20],"81":[10,2],"82":[1,1],"83":[1,19],"84":[14,5],"85":[13,1],"86":[9,44],"87":[1,36],"88":[8,29],"89":[26,11],"90":[19,11],"91":[37,1],"92":[30,6],"93":[18,12],"94":[5,1],"95":[1,35],"96":[9,26],"97":[9,27],"98":[8,1],"99":[27,0],"100":[6,6],"101":[12,12],"102":[5,1],"103":[6,2],"104":[1,11],"105":[1,6],"106":[7,6],"107":[1,6],"108":[4,2],"109":[1,1],"110":[6,1],"111":[2,14],"112":[11,3],"113":[1,10],"114":[2,8],"115":[1,7],"116":[1,2],"117":[1,1],"118":[1,0],"119":[1,0]},"f":{"1":1,"2":0,"3":117,"4":50,"5":2,"6":19,"7":2,"8":2,"9":16,"10":16,"11":17,"12":17,"13":17,"14":8,"15":19,"16":11,"17":2,"18":1,"19":39,"20":36,"21":39,"22":39,"23":0,"24":1,"25":8,"26":13,"27":92,"28":93,"29":55,"30":53,"31":9,"32":37,"33":15,"34":30,"35":36,"36":12,"37":12,"38":7,"39":7,"40":16},"fnMap":{"1":{"name":"(anonymous_1)","line":1,"loc":{"start":{"line":1,"column":16},"end":{"line":1,"column":26}}},"2":{"name":"(anonymous_2)","line":6,"loc":{"start":{"line":6,"column":24},"end":{"line":6,"column":41}},"skip":true},"3":{"name":"(anonymous_3)","line":11,"loc":{"start":{"line":11,"column":19},"end":{"line":11,"column":32}}},"4":{"name":"FieldVal","line":19,"loc":{"start":{"line":19,"column":4},"end":{"line":19,"column":50}}},"5":{"name":"(anonymous_5)","line":90,"loc":{"start":{"line":90,"column":29},"end":{"line":90,"column":39}}},"6":{"name":"(anonymous_6)","line":126,"loc":{"start":{"line":126,"column":33},"end":{"line":126,"column":43}}},"7":{"name":"(anonymous_7)","line":193,"loc":{"start":{"line":193,"column":39},"end":{"line":193,"column":64}}},"8":{"name":"(anonymous_8)","line":197,"loc":{"start":{"line":197,"column":17},"end":{"line":197,"column":29}}},"9":{"name":"(anonymous_9)","line":208,"loc":{"start":{"line":208,"column":29},"end":{"line":208,"column":51}}},"10":{"name":"(anonymous_10)","line":215,"loc":{"start":{"line":215,"column":60},"end":{"line":215,"column":75}}},"11":{"name":"(anonymous_11)","line":228,"loc":{"start":{"line":228,"column":35},"end":{"line":228,"column":70}}},"12":{"name":"(anonymous_12)","line":241,"loc":{"start":{"line":241,"column":18},"end":{"line":241,"column":39}}},"13":{"name":"(anonymous_13)","line":244,"loc":{"start":{"line":244,"column":10},"end":{"line":244,"column":32}}},"14":{"name":"(anonymous_14)","line":254,"loc":{"start":{"line":254,"column":31},"end":{"line":254,"column":48}}},"15":{"name":"(anonymous_15)","line":262,"loc":{"start":{"line":262,"column":30},"end":{"line":262,"column":60}}},"16":{"name":"(anonymous_16)","line":296,"loc":{"start":{"line":296,"column":33},"end":{"line":296,"column":62}}},"17":{"name":"(anonymous_17)","line":303,"loc":{"start":{"line":303,"column":38},"end":{"line":303,"column":60}}},"18":{"name":"(anonymous_18)","line":313,"loc":{"start":{"line":313,"column":36},"end":{"line":313,"column":58}}},"19":{"name":"(anonymous_19)","line":322,"loc":{"start":{"line":322,"column":42},"end":{"line":322,"column":54}}},"20":{"name":"(anonymous_20)","line":338,"loc":{"start":{"line":338,"column":42},"end":{"line":338,"column":52}}},"21":{"name":"(anonymous_21)","line":350,"loc":{"start":{"line":350,"column":43},"end":{"line":350,"column":53}}},"22":{"name":"(anonymous_22)","line":423,"loc":{"start":{"line":423,"column":29},"end":{"line":423,"column":49}}},"23":{"name":"(anonymous_23)","line":437,"loc":{"start":{"line":437,"column":45},"end":{"line":437,"column":65}}},"24":{"name":"(anonymous_24)","line":463,"loc":{"start":{"line":463,"column":36},"end":{"line":463,"column":67}}},"25":{"name":"(anonymous_25)","line":472,"loc":{"start":{"line":472,"column":29},"end":{"line":472,"column":41}}},"26":{"name":"(anonymous_26)","line":479,"loc":{"start":{"line":479,"column":34},"end":{"line":479,"column":72}}},"27":{"name":"(anonymous_27)","line":518,"loc":{"start":{"line":518,"column":25},"end":{"line":518,"column":79}}},"28":{"name":"(anonymous_28)","line":530,"loc":{"start":{"line":530,"column":33},"end":{"line":530,"column":43}}},"29":{"name":"(anonymous_29)","line":540,"loc":{"start":{"line":540,"column":24},"end":{"line":540,"column":34}}},"30":{"name":"(anonymous_30)","line":571,"loc":{"start":{"line":571,"column":28},"end":{"line":571,"column":46}}},"31":{"name":"(anonymous_31)","line":620,"loc":{"start":{"line":620,"column":92},"end":{"line":620,"column":110}}},"32":{"name":"(anonymous_32)","line":633,"loc":{"start":{"line":633,"column":26},"end":{"line":633,"column":66}}},"33":{"name":"(anonymous_33)","line":647,"loc":{"start":{"line":647,"column":18},"end":{"line":647,"column":35}}},"34":{"name":"(anonymous_34)","line":665,"loc":{"start":{"line":665,"column":21},"end":{"line":665,"column":39}}},"35":{"name":"(anonymous_35)","line":674,"loc":{"start":{"line":674,"column":77},"end":{"line":674,"column":87}}},"36":{"name":"(anonymous_36)","line":714,"loc":{"start":{"line":714,"column":24},"end":{"line":714,"column":51}}},"37":{"name":"(anonymous_37)","line":715,"loc":{"start":{"line":715,"column":20},"end":{"line":715,"column":37}}},"38":{"name":"(anonymous_38)","line":731,"loc":{"start":{"line":731,"column":20},"end":{"line":731,"column":51}}},"39":{"name":"(anonymous_39)","line":735,"loc":{"start":{"line":735,"column":20},"end":{"line":735,"column":43}}},"40":{"name":"(anonymous_40)","line":765,"loc":{"start":{"line":765,"column":28},"end":{"line":765,"column":60}}}},"statementMap":{"1":{"start":{"line":1,"column":0},"end":{"line":801,"column":10}},"2":{"start":{"line":5,"column":4},"end":{"line":9,"column":5},"skip":true},"3":{"start":{"line":6,"column":8},"end":{"line":8,"column":10},"skip":true},"4":{"start":{"line":7,"column":12},"end":{"line":7,"column":80},"skip":true},"5":{"start":{"line":11,"column":4},"end":{"line":19,"column":4}},"6":{"start":{"line":12,"column":8},"end":{"line":12,"column":16}},"7":{"start":{"line":13,"column":8},"end":{"line":15,"column":9}},"8":{"start":{"line":14,"column":12},"end":{"line":14,"column":54}},"9":{"start":{"line":14,"column":41},"end":{"line":14,"column":54}},"10":{"start":{"line":16,"column":8},"end":{"line":16,"column":20}},"11":{"start":{"line":19,"column":4},"end":{"line":88,"column":5}},"12":{"start":{"line":20,"column":8},"end":{"line":20,"column":22}},"13":{"start":{"line":22,"column":8},"end":{"line":22,"column":29}},"14":{"start":{"line":24,"column":8},"end":{"line":24,"column":35}},"15":{"start":{"line":25,"column":8},"end":{"line":25,"column":29}},"16":{"start":{"line":26,"column":8},"end":{"line":26,"column":29}},"17":{"start":{"line":27,"column":8},"end":{"line":27,"column":34}},"18":{"start":{"line":28,"column":8},"end":{"line":28,"column":32}},"19":{"start":{"line":31,"column":8},"end":{"line":31,"column":23}},"20":{"start":{"line":33,"column":8},"end":{"line":87,"column":9}},"21":{"start":{"line":36,"column":12},"end":{"line":86,"column":13}},"22":{"start":{"line":37,"column":16},"end":{"line":37,"column":30}},"23":{"start":{"line":38,"column":16},"end":{"line":56,"column":17}},"24":{"start":{"line":40,"column":20},"end":{"line":40,"column":47}},"25":{"start":{"line":41,"column":23},"end":{"line":56,"column":17}},"26":{"start":{"line":42,"column":20},"end":{"line":52,"column":21}},"27":{"start":{"line":43,"column":24},"end":{"line":43,"column":67}},"28":{"start":{"line":45,"column":24},"end":{"line":49,"column":25}},"29":{"start":{"line":46,"column":28},"end":{"line":46,"column":52}},"30":{"start":{"line":48,"column":28},"end":{"line":48,"column":37}},"31":{"start":{"line":51,"column":24},"end":{"line":51,"column":52}},"32":{"start":{"line":55,"column":20},"end":{"line":55,"column":51}},"33":{"start":{"line":58,"column":16},"end":{"line":79,"column":17}},"34":{"start":{"line":59,"column":20},"end":{"line":63,"column":21}},"35":{"start":{"line":60,"column":24},"end":{"line":62,"column":25}},"36":{"start":{"line":61,"column":28},"end":{"line":61,"column":57}},"37":{"start":{"line":64,"column":20},"end":{"line":66,"column":21}},"38":{"start":{"line":65,"column":24},"end":{"line":65,"column":60}},"39":{"start":{"line":67,"column":20},"end":{"line":74,"column":21}},"40":{"start":{"line":68,"column":24},"end":{"line":68,"column":70}},"41":{"start":{"line":69,"column":24},"end":{"line":73,"column":25}},"42":{"start":{"line":70,"column":28},"end":{"line":72,"column":29}},"43":{"start":{"line":71,"column":32},"end":{"line":71,"column":61}},"44":{"start":{"line":75,"column":20},"end":{"line":77,"column":21}},"45":{"start":{"line":76,"column":24},"end":{"line":76,"column":60}},"46":{"start":{"line":81,"column":16},"end":{"line":85,"column":17}},"47":{"start":{"line":82,"column":20},"end":{"line":84,"column":21}},"48":{"start":{"line":83,"column":24},"end":{"line":83,"column":53}},"49":{"start":{"line":90,"column":4},"end":{"line":122,"column":6}},"50":{"start":{"line":91,"column":8},"end":{"line":91,"column":22}},"51":{"start":{"line":93,"column":8},"end":{"line":93,"column":17}},"52":{"start":{"line":94,"column":8},"end":{"line":94,"column":42}},"53":{"start":{"line":95,"column":8},"end":{"line":99,"column":9}},"54":{"start":{"line":96,"column":12},"end":{"line":96,"column":34}},"55":{"start":{"line":98,"column":12},"end":{"line":98,"column":29}},"56":{"start":{"line":101,"column":8},"end":{"line":101,"column":42}},"57":{"start":{"line":102,"column":8},"end":{"line":102,"column":31}},"58":{"start":{"line":103,"column":8},"end":{"line":120,"column":9}},"59":{"start":{"line":104,"column":12},"end":{"line":104,"column":35}},"60":{"start":{"line":105,"column":12},"end":{"line":105,"column":52}},"61":{"start":{"line":106,"column":12},"end":{"line":108,"column":13}},"62":{"start":{"line":107,"column":16},"end":{"line":107,"column":33}},"63":{"start":{"line":109,"column":12},"end":{"line":119,"column":13}},"64":{"start":{"line":110,"column":16},"end":{"line":110,"column":28}},"65":{"start":{"line":111,"column":16},"end":{"line":115,"column":17}},"66":{"start":{"line":112,"column":20},"end":{"line":112,"column":57}},"67":{"start":{"line":114,"column":20},"end":{"line":114,"column":52}},"68":{"start":{"line":116,"column":16},"end":{"line":118,"column":17}},"69":{"start":{"line":117,"column":20},"end":{"line":117,"column":54}},"70":{"start":{"line":121,"column":8},"end":{"line":121,"column":57}},"71":{"start":{"line":126,"column":4},"end":{"line":191,"column":6}},"72":{"start":{"line":127,"column":8},"end":{"line":127,"column":22}},"73":{"start":{"line":130,"column":8},"end":{"line":130,"column":50}},"74":{"start":{"line":132,"column":8},"end":{"line":132,"column":30}},"75":{"start":{"line":133,"column":8},"end":{"line":151,"column":9}},"76":{"start":{"line":135,"column":12},"end":{"line":135,"column":46}},"77":{"start":{"line":136,"column":12},"end":{"line":147,"column":13}},"78":{"start":{"line":137,"column":16},"end":{"line":137,"column":38}},"79":{"start":{"line":138,"column":16},"end":{"line":138,"column":52}},"80":{"start":{"line":141,"column":16},"end":{"line":144,"column":18}},"81":{"start":{"line":146,"column":16},"end":{"line":146,"column":26}},"82":{"start":{"line":149,"column":12},"end":{"line":149,"column":29}},"83":{"start":{"line":150,"column":12},"end":{"line":150,"column":47}},"84":{"start":{"line":153,"column":8},"end":{"line":153,"column":31}},"85":{"start":{"line":154,"column":8},"end":{"line":188,"column":9}},"86":{"start":{"line":155,"column":12},"end":{"line":155,"column":35}},"87":{"start":{"line":157,"column":12},"end":{"line":157,"column":32}},"88":{"start":{"line":158,"column":12},"end":{"line":162,"column":13}},"89":{"start":{"line":159,"column":16},"end":{"line":159,"column":61}},"90":{"start":{"line":161,"column":16},"end":{"line":161,"column":56}},"91":{"start":{"line":164,"column":12},"end":{"line":164,"column":26}},"92":{"start":{"line":165,"column":12},"end":{"line":169,"column":13}},"93":{"start":{"line":166,"column":16},"end":{"line":166,"column":34}},"94":{"start":{"line":168,"column":16},"end":{"line":168,"column":54}},"95":{"start":{"line":170,"column":12},"end":{"line":176,"column":13}},"96":{"start":{"line":171,"column":16},"end":{"line":175,"column":18}},"97":{"start":{"line":178,"column":12},"end":{"line":185,"column":13}},"98":{"start":{"line":179,"column":16},"end":{"line":179,"column":59}},"99":{"start":{"line":181,"column":16},"end":{"line":184,"column":18}},"100":{"start":{"line":187,"column":12},"end":{"line":187,"column":38}},"101":{"start":{"line":190,"column":8},"end":{"line":190,"column":18}},"102":{"start":{"line":193,"column":4},"end":{"line":206,"column":6}},"103":{"start":{"line":194,"column":8},"end":{"line":194,"column":22}},"104":{"start":{"line":196,"column":8},"end":{"line":205,"column":10}},"105":{"start":{"line":198,"column":16},"end":{"line":198,"column":61}},"106":{"start":{"line":199,"column":16},"end":{"line":201,"column":17}},"107":{"start":{"line":200,"column":20},"end":{"line":200,"column":38}},"108":{"start":{"line":203,"column":16},"end":{"line":203,"column":37}},"109":{"start":{"line":208,"column":4},"end":{"line":226,"column":6}},"110":{"start":{"line":209,"column":8},"end":{"line":209,"column":22}},"111":{"start":{"line":211,"column":8},"end":{"line":211,"column":62}},"112":{"start":{"line":213,"column":8},"end":{"line":213,"column":31}},"113":{"start":{"line":214,"column":8},"end":{"line":214,"column":22}},"114":{"start":{"line":215,"column":8},"end":{"line":218,"column":11}},"115":{"start":{"line":216,"column":12},"end":{"line":216,"column":30}},"116":{"start":{"line":217,"column":12},"end":{"line":217,"column":30}},"117":{"start":{"line":220,"column":8},"end":{"line":225,"column":9}},"118":{"start":{"line":222,"column":12},"end":{"line":222,"column":76}},"119":{"start":{"line":224,"column":12},"end":{"line":224,"column":29}},"120":{"start":{"line":228,"column":4},"end":{"line":251,"column":6}},"121":{"start":{"line":229,"column":8},"end":{"line":229,"column":22}},"122":{"start":{"line":231,"column":8},"end":{"line":233,"column":9}},"123":{"start":{"line":232,"column":12},"end":{"line":232,"column":85}},"124":{"start":{"line":235,"column":8},"end":{"line":235,"column":46}},"125":{"start":{"line":236,"column":8},"end":{"line":236,"column":46}},"126":{"start":{"line":238,"column":8},"end":{"line":248,"column":11}},"127":{"start":{"line":242,"column":16},"end":{"line":242,"column":34}},"128":{"start":{"line":245,"column":12},"end":{"line":247,"column":13}},"129":{"start":{"line":246,"column":16},"end":{"line":246,"column":28}},"130":{"start":{"line":250,"column":8},"end":{"line":250,"column":80}},"131":{"start":{"line":254,"column":4},"end":{"line":260,"column":6}},"132":{"start":{"line":255,"column":8},"end":{"line":255,"column":22}},"133":{"start":{"line":257,"column":8},"end":{"line":257,"column":30}},"134":{"start":{"line":259,"column":8},"end":{"line":259,"column":18}},"135":{"start":{"line":262,"column":4},"end":{"line":294,"column":6}},"136":{"start":{"line":263,"column":8},"end":{"line":263,"column":22}},"137":{"start":{"line":265,"column":8},"end":{"line":292,"column":9}},"138":{"start":{"line":268,"column":12},"end":{"line":290,"column":13}},"139":{"start":{"line":269,"column":16},"end":{"line":276,"column":17}},"140":{"start":{"line":270,"column":20},"end":{"line":270,"column":54}},"141":{"start":{"line":272,"column":20},"end":{"line":275,"column":21}},"142":{"start":{"line":274,"column":24},"end":{"line":274,"column":56}},"143":{"start":{"line":277,"column":16},"end":{"line":277,"column":49}},"144":{"start":{"line":280,"column":16},"end":{"line":289,"column":17}},"145":{"start":{"line":282,"column":20},"end":{"line":282,"column":42}},"146":{"start":{"line":284,"column":20},"end":{"line":288,"column":22}},"147":{"start":{"line":291,"column":12},"end":{"line":291,"column":28}},"148":{"start":{"line":293,"column":8},"end":{"line":293,"column":26}},"149":{"start":{"line":296,"column":4},"end":{"line":301,"column":6}},"150":{"start":{"line":297,"column":8},"end":{"line":297,"column":22}},"151":{"start":{"line":299,"column":8},"end":{"line":299,"column":91}},"152":{"start":{"line":300,"column":8},"end":{"line":300,"column":18}},"153":{"start":{"line":303,"column":4},"end":{"line":311,"column":6}},"154":{"start":{"line":304,"column":8},"end":{"line":304,"column":22}},"155":{"start":{"line":306,"column":8},"end":{"line":309,"column":10}},"156":{"start":{"line":310,"column":8},"end":{"line":310,"column":18}},"157":{"start":{"line":313,"column":4},"end":{"line":319,"column":6}},"158":{"start":{"line":314,"column":8},"end":{"line":314,"column":22}},"159":{"start":{"line":316,"column":8},"end":{"line":316,"column":46}},"160":{"start":{"line":318,"column":8},"end":{"line":318,"column":18}},"161":{"start":{"line":322,"column":4},"end":{"line":336,"column":6}},"162":{"start":{"line":323,"column":8},"end":{"line":323,"column":22}},"163":{"start":{"line":325,"column":8},"end":{"line":325,"column":30}},"164":{"start":{"line":326,"column":8},"end":{"line":326,"column":16}},"165":{"start":{"line":327,"column":8},"end":{"line":334,"column":9}},"166":{"start":{"line":329,"column":12},"end":{"line":333,"column":13}},"167":{"start":{"line":330,"column":16},"end":{"line":332,"column":17}},"168":{"start":{"line":331,"column":20},"end":{"line":331,"column":43}},"169":{"start":{"line":335,"column":8},"end":{"line":335,"column":28}},"170":{"start":{"line":338,"column":4},"end":{"line":348,"column":6}},"171":{"start":{"line":339,"column":8},"end":{"line":339,"column":22}},"172":{"start":{"line":341,"column":8},"end":{"line":341,"column":27}},"173":{"start":{"line":343,"column":8},"end":{"line":347,"column":9}},"174":{"start":{"line":344,"column":12},"end":{"line":346,"column":13}},"175":{"start":{"line":345,"column":16},"end":{"line":345,"column":76}},"176":{"start":{"line":350,"column":4},"end":{"line":421,"column":6}},"177":{"start":{"line":351,"column":8},"end":{"line":351,"column":22}},"178":{"start":{"line":353,"column":8},"end":{"line":353,"column":27}},"179":{"start":{"line":355,"column":8},"end":{"line":355,"column":30}},"180":{"start":{"line":357,"column":8},"end":{"line":357,"column":40}},"181":{"start":{"line":360,"column":8},"end":{"line":360,"column":16}},"182":{"start":{"line":361,"column":8},"end":{"line":366,"column":9}},"183":{"start":{"line":363,"column":12},"end":{"line":365,"column":13}},"184":{"start":{"line":364,"column":16},"end":{"line":364,"column":72}},"185":{"start":{"line":368,"column":8},"end":{"line":368,"column":54}},"186":{"start":{"line":369,"column":8},"end":{"line":369,"column":24}},"187":{"start":{"line":370,"column":8},"end":{"line":378,"column":9}},"188":{"start":{"line":371,"column":12},"end":{"line":371,"column":44}},"189":{"start":{"line":372,"column":12},"end":{"line":377,"column":13}},"190":{"start":{"line":373,"column":16},"end":{"line":376,"column":18}},"191":{"start":{"line":380,"column":8},"end":{"line":383,"column":9}},"192":{"start":{"line":381,"column":12},"end":{"line":381,"column":48}},"193":{"start":{"line":382,"column":12},"end":{"line":382,"column":29}},"194":{"start":{"line":384,"column":8},"end":{"line":387,"column":9}},"195":{"start":{"line":385,"column":12},"end":{"line":385,"column":48}},"196":{"start":{"line":386,"column":12},"end":{"line":386,"column":29}},"197":{"start":{"line":388,"column":8},"end":{"line":391,"column":9}},"198":{"start":{"line":389,"column":12},"end":{"line":389,"column":60}},"199":{"start":{"line":390,"column":12},"end":{"line":390,"column":29}},"200":{"start":{"line":393,"column":8},"end":{"line":402,"column":9}},"201":{"start":{"line":394,"column":12},"end":{"line":394,"column":73}},"202":{"start":{"line":395,"column":12},"end":{"line":395,"column":58}},"203":{"start":{"line":397,"column":12},"end":{"line":399,"column":13}},"204":{"start":{"line":398,"column":16},"end":{"line":398,"column":33}},"205":{"start":{"line":401,"column":12},"end":{"line":401,"column":38}},"206":{"start":{"line":404,"column":8},"end":{"line":418,"column":9}},"207":{"start":{"line":407,"column":12},"end":{"line":410,"column":13}},"208":{"start":{"line":409,"column":16},"end":{"line":409,"column":36}},"209":{"start":{"line":413,"column":12},"end":{"line":417,"column":14}},"210":{"start":{"line":420,"column":8},"end":{"line":420,"column":20}},"211":{"start":{"line":423,"column":4},"end":{"line":435,"column":6}},"212":{"start":{"line":424,"column":8},"end":{"line":424,"column":22}},"213":{"start":{"line":426,"column":8},"end":{"line":434,"column":9}},"214":{"start":{"line":427,"column":12},"end":{"line":427,"column":39}},"215":{"start":{"line":429,"column":12},"end":{"line":431,"column":13}},"216":{"start":{"line":430,"column":16},"end":{"line":430,"column":69}},"217":{"start":{"line":433,"column":12},"end":{"line":433,"column":42}},"218":{"start":{"line":437,"column":4},"end":{"line":447,"column":6}},"219":{"start":{"line":438,"column":8},"end":{"line":438,"column":22}},"220":{"start":{"line":440,"column":8},"end":{"line":446,"column":9}},"221":{"start":{"line":441,"column":12},"end":{"line":441,"column":29}},"222":{"start":{"line":443,"column":12},"end":{"line":445,"column":13}},"223":{"start":{"line":444,"column":16},"end":{"line":444,"column":68}},"224":{"start":{"line":452,"column":4},"end":{"line":452,"column":24}},"225":{"start":{"line":453,"column":4},"end":{"line":453,"column":40}},"226":{"start":{"line":454,"column":4},"end":{"line":454,"column":51}},"227":{"start":{"line":456,"column":4},"end":{"line":456,"column":36}},"228":{"start":{"line":457,"column":4},"end":{"line":457,"column":63}},"229":{"start":{"line":458,"column":4},"end":{"line":458,"column":31}},"230":{"start":{"line":459,"column":4},"end":{"line":459,"column":38}},"231":{"start":{"line":460,"column":4},"end":{"line":460,"column":36}},"232":{"start":{"line":461,"column":4},"end":{"line":461,"column":33}},"233":{"start":{"line":463,"column":4},"end":{"line":470,"column":6}},"234":{"start":{"line":464,"column":8},"end":{"line":469,"column":10}},"235":{"start":{"line":472,"column":4},"end":{"line":477,"column":6}},"236":{"start":{"line":473,"column":8},"end":{"line":476,"column":10}},"237":{"start":{"line":479,"column":4},"end":{"line":516,"column":6}},"238":{"start":{"line":480,"column":8},"end":{"line":482,"column":9}},"239":{"start":{"line":481,"column":12},"end":{"line":481,"column":23}},"240":{"start":{"line":483,"column":8},"end":{"line":483,"column":68}},"241":{"start":{"line":485,"column":8},"end":{"line":500,"column":9}},"242":{"start":{"line":486,"column":12},"end":{"line":499,"column":13}},"243":{"start":{"line":487,"column":16},"end":{"line":487,"column":53}},"244":{"start":{"line":488,"column":16},"end":{"line":492,"column":17}},"245":{"start":{"line":489,"column":20},"end":{"line":489,"column":39}},"246":{"start":{"line":490,"column":20},"end":{"line":490,"column":46}},"247":{"start":{"line":491,"column":20},"end":{"line":491,"column":44}},"248":{"start":{"line":493,"column":19},"end":{"line":499,"column":13}},"249":{"start":{"line":494,"column":16},"end":{"line":494,"column":57}},"250":{"start":{"line":495,"column":16},"end":{"line":498,"column":17}},"251":{"start":{"line":496,"column":20},"end":{"line":496,"column":41}},"252":{"start":{"line":497,"column":20},"end":{"line":497,"column":44}},"253":{"start":{"line":502,"column":8},"end":{"line":502,"column":32}},"254":{"start":{"line":504,"column":8},"end":{"line":509,"column":9}},"255":{"start":{"line":506,"column":12},"end":{"line":508,"column":13}},"256":{"start":{"line":507,"column":16},"end":{"line":507,"column":31}},"257":{"start":{"line":511,"column":8},"end":{"line":515,"column":10}},"258":{"start":{"line":518,"column":4},"end":{"line":631,"column":6}},"259":{"start":{"line":520,"column":8},"end":{"line":520,"column":32}},"260":{"start":{"line":521,"column":8},"end":{"line":521,"column":33}},"261":{"start":{"line":522,"column":8},"end":{"line":522,"column":23}},"262":{"start":{"line":523,"column":8},"end":{"line":523,"column":18}},"263":{"start":{"line":525,"column":8},"end":{"line":569,"column":9}},"264":{"start":{"line":526,"column":12},"end":{"line":563,"column":13}},"265":{"start":{"line":527,"column":16},"end":{"line":527,"column":38}},"266":{"start":{"line":528,"column":16},"end":{"line":528,"column":50}},"267":{"start":{"line":529,"column":16},"end":{"line":529,"column":39}},"268":{"start":{"line":530,"column":16},"end":{"line":547,"column":18}},"269":{"start":{"line":531,"column":20},"end":{"line":531,"column":24}},"270":{"start":{"line":532,"column":20},"end":{"line":536,"column":21}},"271":{"start":{"line":533,"column":24},"end":{"line":533,"column":42}},"272":{"start":{"line":534,"column":24},"end":{"line":534,"column":41}},"273":{"start":{"line":535,"column":24},"end":{"line":535,"column":31}},"274":{"start":{"line":537,"column":20},"end":{"line":543,"column":22}},"275":{"start":{"line":541,"column":28},"end":{"line":541,"column":41}},"276":{"start":{"line":544,"column":20},"end":{"line":546,"column":21}},"277":{"start":{"line":545,"column":24},"end":{"line":545,"column":41}},"278":{"start":{"line":548,"column":16},"end":{"line":548,"column":29}},"279":{"start":{"line":549,"column":16},"end":{"line":555,"column":17}},"280":{"start":{"line":550,"column":20},"end":{"line":554,"column":21}},"281":{"start":{"line":551,"column":24},"end":{"line":551,"column":46}},"282":{"start":{"line":553,"column":24},"end":{"line":553,"column":31}},"283":{"start":{"line":556,"column":16},"end":{"line":556,"column":38}},"284":{"start":{"line":558,"column":16},"end":{"line":558,"column":35}},"285":{"start":{"line":559,"column":16},"end":{"line":559,"column":50}},"286":{"start":{"line":560,"column":16},"end":{"line":562,"column":17}},"287":{"start":{"line":561,"column":20},"end":{"line":561,"column":56}},"288":{"start":{"line":564,"column":15},"end":{"line":569,"column":9}},"289":{"start":{"line":565,"column":12},"end":{"line":565,"column":45}},"290":{"start":{"line":566,"column":12},"end":{"line":566,"column":33}},"291":{"start":{"line":568,"column":12},"end":{"line":568,"column":130}},"292":{"start":{"line":571,"column":8},"end":{"line":618,"column":10}},"293":{"start":{"line":572,"column":12},"end":{"line":617,"column":13}},"294":{"start":{"line":573,"column":16},"end":{"line":575,"column":17}},"295":{"start":{"line":574,"column":20},"end":{"line":574,"column":47}},"296":{"start":{"line":576,"column":16},"end":{"line":576,"column":48}},"297":{"start":{"line":578,"column":16},"end":{"line":614,"column":17}},"298":{"start":{"line":580,"column":20},"end":{"line":597,"column":21}},"299":{"start":{"line":581,"column":24},"end":{"line":581,"column":91}},"300":{"start":{"line":582,"column":24},"end":{"line":582,"column":41}},"301":{"start":{"line":583,"column":24},"end":{"line":583,"column":31}},"302":{"start":{"line":585,"column":24},"end":{"line":596,"column":25}},"303":{"start":{"line":587,"column":28},"end":{"line":589,"column":30}},"304":{"start":{"line":590,"column":28},"end":{"line":590,"column":45}},"305":{"start":{"line":591,"column":28},"end":{"line":591,"column":35}},"306":{"start":{"line":593,"column":28},"end":{"line":593,"column":65}},"307":{"start":{"line":594,"column":28},"end":{"line":594,"column":45}},"308":{"start":{"line":595,"column":28},"end":{"line":595,"column":35}},"309":{"start":{"line":598,"column":23},"end":{"line":614,"column":17}},"310":{"start":{"line":600,"column":20},"end":{"line":600,"column":37}},"311":{"start":{"line":603,"column":20},"end":{"line":613,"column":21}},"312":{"start":{"line":604,"column":24},"end":{"line":608,"column":25}},"313":{"start":{"line":605,"column":28},"end":{"line":605,"column":98}},"314":{"start":{"line":607,"column":28},"end":{"line":607,"column":69}},"315":{"start":{"line":609,"column":24},"end":{"line":609,"column":41}},"316":{"start":{"line":611,"column":24},"end":{"line":611,"column":65}},"317":{"start":{"line":612,"column":24},"end":{"line":612,"column":41}},"318":{"start":{"line":616,"column":16},"end":{"line":616,"column":33}},"319":{"start":{"line":620,"column":8},"end":{"line":623,"column":11}},"320":{"start":{"line":622,"column":12},"end":{"line":622,"column":36}},"321":{"start":{"line":624,"column":8},"end":{"line":630,"column":9}},"322":{"start":{"line":626,"column":12},"end":{"line":626,"column":34}},"323":{"start":{"line":628,"column":12},"end":{"line":628,"column":42}},"324":{"start":{"line":629,"column":12},"end":{"line":629,"column":24}},"325":{"start":{"line":633,"column":4},"end":{"line":712,"column":6}},"326":{"start":{"line":635,"column":8},"end":{"line":638,"column":9}},"327":{"start":{"line":636,"column":12},"end":{"line":636,"column":27}},"328":{"start":{"line":637,"column":12},"end":{"line":637,"column":32}},"329":{"start":{"line":640,"column":8},"end":{"line":642,"column":9}},"330":{"start":{"line":641,"column":12},"end":{"line":641,"column":25}},"331":{"start":{"line":644,"column":8},"end":{"line":654,"column":10}},"332":{"start":{"line":648,"column":16},"end":{"line":648,"column":47}},"333":{"start":{"line":656,"column":8},"end":{"line":661,"column":9}},"334":{"start":{"line":657,"column":12},"end":{"line":657,"column":57}},"335":{"start":{"line":658,"column":12},"end":{"line":658,"column":53}},"336":{"start":{"line":660,"column":12},"end":{"line":660,"column":54}},"337":{"start":{"line":663,"column":8},"end":{"line":663,"column":31}},"338":{"start":{"line":664,"column":8},"end":{"line":664,"column":22}},"339":{"start":{"line":665,"column":8},"end":{"line":671,"column":10}},"340":{"start":{"line":666,"column":12},"end":{"line":666,"column":33}},"341":{"start":{"line":667,"column":12},"end":{"line":667,"column":30}},"342":{"start":{"line":668,"column":12},"end":{"line":670,"column":13}},"343":{"start":{"line":669,"column":16},"end":{"line":669,"column":31}},"344":{"start":{"line":672,"column":8},"end":{"line":672,"column":49}},"345":{"start":{"line":674,"column":8},"end":{"line":700,"column":11}},"346":{"start":{"line":675,"column":12},"end":{"line":683,"column":13}},"347":{"start":{"line":676,"column":16},"end":{"line":678,"column":17}},"348":{"start":{"line":677,"column":20},"end":{"line":677,"column":59}},"349":{"start":{"line":680,"column":16},"end":{"line":682,"column":17}},"350":{"start":{"line":681,"column":20},"end":{"line":681,"column":70}},"351":{"start":{"line":685,"column":12},"end":{"line":689,"column":13}},"352":{"start":{"line":686,"column":16},"end":{"line":686,"column":48}},"353":{"start":{"line":687,"column":16},"end":{"line":687,"column":60}},"354":{"start":{"line":688,"column":16},"end":{"line":688,"column":23}},"355":{"start":{"line":691,"column":12},"end":{"line":695,"column":13}},"356":{"start":{"line":692,"column":16},"end":{"line":692,"column":55}},"357":{"start":{"line":693,"column":16},"end":{"line":693,"column":60}},"358":{"start":{"line":694,"column":16},"end":{"line":694,"column":23}},"359":{"start":{"line":697,"column":12},"end":{"line":697,"column":25}},"360":{"start":{"line":698,"column":12},"end":{"line":698,"column":56}},"361":{"start":{"line":699,"column":12},"end":{"line":699,"column":19}},"362":{"start":{"line":701,"column":8},"end":{"line":706,"column":9}},"363":{"start":{"line":702,"column":12},"end":{"line":704,"column":13}},"364":{"start":{"line":703,"column":16},"end":{"line":703,"column":30}},"365":{"start":{"line":705,"column":12},"end":{"line":705,"column":34}},"366":{"start":{"line":707,"column":8},"end":{"line":711,"column":9}},"367":{"start":{"line":708,"column":12},"end":{"line":708,"column":29}},"368":{"start":{"line":710,"column":12},"end":{"line":710,"column":34}},"369":{"start":{"line":714,"column":4},"end":{"line":729,"column":6}},"370":{"start":{"line":715,"column":8},"end":{"line":723,"column":10}},"371":{"start":{"line":716,"column":12},"end":{"line":722,"column":13}},"372":{"start":{"line":717,"column":16},"end":{"line":719,"column":17}},"373":{"start":{"line":718,"column":20},"end":{"line":718,"column":51}},"374":{"start":{"line":721,"column":16},"end":{"line":721,"column":57}},"375":{"start":{"line":724,"column":8},"end":{"line":727,"column":9}},"376":{"start":{"line":725,"column":12},"end":{"line":725,"column":32}},"377":{"start":{"line":726,"column":12},"end":{"line":726,"column":25}},"378":{"start":{"line":728,"column":8},"end":{"line":728,"column":21}},"379":{"start":{"line":731,"column":4},"end":{"line":763,"column":6}},"380":{"start":{"line":733,"column":8},"end":{"line":733,"column":87}},"381":{"start":{"line":735,"column":8},"end":{"line":755,"column":10}},"382":{"start":{"line":737,"column":12},"end":{"line":737,"column":68}},"383":{"start":{"line":739,"column":12},"end":{"line":741,"column":13}},"384":{"start":{"line":740,"column":16},"end":{"line":740,"column":38}},"385":{"start":{"line":743,"column":12},"end":{"line":743,"column":89}},"386":{"start":{"line":745,"column":12},"end":{"line":745,"column":65}},"387":{"start":{"line":746,"column":12},"end":{"line":746,"column":43}},"388":{"start":{"line":747,"column":12},"end":{"line":747,"column":41}},"389":{"start":{"line":749,"column":12},"end":{"line":751,"column":13}},"390":{"start":{"line":750,"column":16},"end":{"line":750,"column":109}},"391":{"start":{"line":752,"column":12},"end":{"line":754,"column":13}},"392":{"start":{"line":753,"column":16},"end":{"line":753,"column":28}},"393":{"start":{"line":757,"column":8},"end":{"line":760,"column":9}},"394":{"start":{"line":758,"column":12},"end":{"line":758,"column":32}},"395":{"start":{"line":759,"column":12},"end":{"line":759,"column":25}},"396":{"start":{"line":762,"column":8},"end":{"line":762,"column":21}},"397":{"start":{"line":765,"column":4},"end":{"line":798,"column":6}},"398":{"start":{"line":766,"column":8},"end":{"line":768,"column":9}},"399":{"start":{"line":767,"column":12},"end":{"line":767,"column":87}},"400":{"start":{"line":769,"column":8},"end":{"line":795,"column":9}},"401":{"start":{"line":770,"column":12},"end":{"line":770,"column":64}},"402":{"start":{"line":773,"column":12},"end":{"line":781,"column":13}},"403":{"start":{"line":774,"column":16},"end":{"line":774,"column":97}},"404":{"start":{"line":775,"column":19},"end":{"line":781,"column":13},"skip":true},"405":{"start":{"line":776,"column":16},"end":{"line":776,"column":43},"skip":true},"406":{"start":{"line":777,"column":19},"end":{"line":781,"column":13},"skip":true},"407":{"start":{"line":778,"column":16},"end":{"line":780,"column":18},"skip":true},"408":{"start":{"line":783,"column":12},"end":{"line":783,"column":48}},"409":{"start":{"line":786,"column":12},"end":{"line":794,"column":13}},"410":{"start":{"line":787,"column":16},"end":{"line":787,"column":89}},"411":{"start":{"line":788,"column":19},"end":{"line":794,"column":13},"skip":true},"412":{"start":{"line":789,"column":16},"end":{"line":789,"column":35},"skip":true},"413":{"start":{"line":790,"column":19},"end":{"line":794,"column":13},"skip":true},"414":{"start":{"line":791,"column":16},"end":{"line":793,"column":18},"skip":true},"415":{"start":{"line":797,"column":8},"end":{"line":797,"column":83}},"416":{"start":{"line":800,"column":4},"end":{"line":800,"column":20}},"417":{"start":{"line":804,"column":0},"end":{"line":806,"column":1}},"418":{"start":{"line":805,"column":4},"end":{"line":805,"column":30}}},"branchMap":{"1":{"line":5,"type":"if","locations":[{"start":{"line":5,"column":4},"end":{"line":5,"column":4},"skip":true},{"start":{"line":5,"column":4},"end":{"line":5,"column":4},"skip":true}]},"2":{"line":14,"type":"if","locations":[{"start":{"line":14,"column":12},"end":{"line":14,"column":12}},{"start":{"line":14,"column":12},"end":{"line":14,"column":12}}]},"3":{"line":33,"type":"if","locations":[{"start":{"line":33,"column":8},"end":{"line":33,"column":8}},{"start":{"line":33,"column":8},"end":{"line":33,"column":8}}]},"4":{"line":36,"type":"if","locations":[{"start":{"line":36,"column":12},"end":{"line":36,"column":12}},{"start":{"line":36,"column":12},"end":{"line":36,"column":12}}]},"5":{"line":38,"type":"if","locations":[{"start":{"line":38,"column":16},"end":{"line":38,"column":16}},{"start":{"line":38,"column":16},"end":{"line":38,"column":16}}]},"6":{"line":41,"type":"if","locations":[{"start":{"line":41,"column":23},"end":{"line":41,"column":23}},{"start":{"line":41,"column":23},"end":{"line":41,"column":23}}]},"7":{"line":45,"type":"if","locations":[{"start":{"line":45,"column":24},"end":{"line":45,"column":24}},{"start":{"line":45,"column":24},"end":{"line":45,"column":24}}]},"8":{"line":58,"type":"if","locations":[{"start":{"line":58,"column":16},"end":{"line":58,"column":16}},{"start":{"line":58,"column":16},"end":{"line":58,"column":16}}]},"9":{"line":60,"type":"if","locations":[{"start":{"line":60,"column":24},"end":{"line":60,"column":24}},{"start":{"line":60,"column":24},"end":{"line":60,"column":24}}]},"10":{"line":64,"type":"if","locations":[{"start":{"line":64,"column":20},"end":{"line":64,"column":20}},{"start":{"line":64,"column":20},"end":{"line":64,"column":20}}]},"11":{"line":67,"type":"if","locations":[{"start":{"line":67,"column":20},"end":{"line":67,"column":20}},{"start":{"line":67,"column":20},"end":{"line":67,"column":20}}]},"12":{"line":70,"type":"if","locations":[{"start":{"line":70,"column":28},"end":{"line":70,"column":28}},{"start":{"line":70,"column":28},"end":{"line":70,"column":28}}]},"13":{"line":75,"type":"if","locations":[{"start":{"line":75,"column":20},"end":{"line":75,"column":20}},{"start":{"line":75,"column":20},"end":{"line":75,"column":20}}]},"14":{"line":82,"type":"if","locations":[{"start":{"line":82,"column":20},"end":{"line":82,"column":20}},{"start":{"line":82,"column":20},"end":{"line":82,"column":20}}]},"15":{"line":95,"type":"if","locations":[{"start":{"line":95,"column":8},"end":{"line":95,"column":8}},{"start":{"line":95,"column":8},"end":{"line":95,"column":8}}]},"16":{"line":106,"type":"if","locations":[{"start":{"line":106,"column":12},"end":{"line":106,"column":12}},{"start":{"line":106,"column":12},"end":{"line":106,"column":12}}]},"17":{"line":109,"type":"if","locations":[{"start":{"line":109,"column":12},"end":{"line":109,"column":12}},{"start":{"line":109,"column":12},"end":{"line":109,"column":12}}]},"18":{"line":111,"type":"if","locations":[{"start":{"line":111,"column":16},"end":{"line":111,"column":16}},{"start":{"line":111,"column":16},"end":{"line":111,"column":16}}]},"19":{"line":116,"type":"if","locations":[{"start":{"line":116,"column":16},"end":{"line":116,"column":16}},{"start":{"line":116,"column":16},"end":{"line":116,"column":16}}]},"20":{"line":133,"type":"if","locations":[{"start":{"line":133,"column":8},"end":{"line":133,"column":8}},{"start":{"line":133,"column":8},"end":{"line":133,"column":8}}]},"21":{"line":136,"type":"if","locations":[{"start":{"line":136,"column":12},"end":{"line":136,"column":12}},{"start":{"line":136,"column":12},"end":{"line":136,"column":12}}]},"22":{"line":158,"type":"if","locations":[{"start":{"line":158,"column":12},"end":{"line":158,"column":12}},{"start":{"line":158,"column":12},"end":{"line":158,"column":12}}]},"23":{"line":165,"type":"if","locations":[{"start":{"line":165,"column":12},"end":{"line":165,"column":12}},{"start":{"line":165,"column":12},"end":{"line":165,"column":12}}]},"24":{"line":170,"type":"if","locations":[{"start":{"line":170,"column":12},"end":{"line":170,"column":12}},{"start":{"line":170,"column":12},"end":{"line":170,"column":12}}]},"25":{"line":178,"type":"if","locations":[{"start":{"line":178,"column":12},"end":{"line":178,"column":12}},{"start":{"line":178,"column":12},"end":{"line":178,"column":12}}]},"26":{"line":199,"type":"if","locations":[{"start":{"line":199,"column":16},"end":{"line":199,"column":16}},{"start":{"line":199,"column":16},"end":{"line":199,"column":16}}]},"27":{"line":220,"type":"if","locations":[{"start":{"line":220,"column":8},"end":{"line":220,"column":8}},{"start":{"line":220,"column":8},"end":{"line":220,"column":8}}]},"28":{"line":231,"type":"if","locations":[{"start":{"line":231,"column":8},"end":{"line":231,"column":8}},{"start":{"line":231,"column":8},"end":{"line":231,"column":8}}]},"29":{"line":245,"type":"if","locations":[{"start":{"line":245,"column":12},"end":{"line":245,"column":12}},{"start":{"line":245,"column":12},"end":{"line":245,"column":12}}]},"30":{"line":250,"type":"cond-expr","locations":[{"start":{"line":250,"column":53},"end":{"line":250,"column":67}},{"start":{"line":250,"column":70},"end":{"line":250,"column":79}}]},"31":{"line":265,"type":"if","locations":[{"start":{"line":265,"column":8},"end":{"line":265,"column":8}},{"start":{"line":265,"column":8},"end":{"line":265,"column":8}}]},"32":{"line":268,"type":"if","locations":[{"start":{"line":268,"column":12},"end":{"line":268,"column":12}},{"start":{"line":268,"column":12},"end":{"line":268,"column":12}}]},"33":{"line":272,"type":"if","locations":[{"start":{"line":272,"column":20},"end":{"line":272,"column":20}},{"start":{"line":272,"column":20},"end":{"line":272,"column":20}}]},"34":{"line":272,"type":"binary-expr","locations":[{"start":{"line":272,"column":23},"end":{"line":272,"column":52}},{"start":{"line":272,"column":57},"end":{"line":272,"column":95}}]},"35":{"line":280,"type":"if","locations":[{"start":{"line":280,"column":16},"end":{"line":280,"column":16}},{"start":{"line":280,"column":16},"end":{"line":280,"column":16}}]},"36":{"line":280,"type":"binary-expr","locations":[{"start":{"line":280,"column":19},"end":{"line":280,"column":45}},{"start":{"line":280,"column":50},"end":{"line":280,"column":85}}]},"37":{"line":329,"type":"if","locations":[{"start":{"line":329,"column":12},"end":{"line":329,"column":12}},{"start":{"line":329,"column":12},"end":{"line":329,"column":12},"skip":true}]},"38":{"line":330,"type":"if","locations":[{"start":{"line":330,"column":16},"end":{"line":330,"column":16}},{"start":{"line":330,"column":16},"end":{"line":330,"column":16}}]},"39":{"line":343,"type":"if","locations":[{"start":{"line":343,"column":8},"end":{"line":343,"column":8}},{"start":{"line":343,"column":8},"end":{"line":343,"column":8}}]},"40":{"line":344,"type":"if","locations":[{"start":{"line":344,"column":12},"end":{"line":344,"column":12}},{"start":{"line":344,"column":12},"end":{"line":344,"column":12}}]},"41":{"line":363,"type":"if","locations":[{"start":{"line":363,"column":12},"end":{"line":363,"column":12}},{"start":{"line":363,"column":12},"end":{"line":363,"column":12},"skip":true}]},"42":{"line":372,"type":"if","locations":[{"start":{"line":372,"column":12},"end":{"line":372,"column":12}},{"start":{"line":372,"column":12},"end":{"line":372,"column":12}}]},"43":{"line":380,"type":"if","locations":[{"start":{"line":380,"column":8},"end":{"line":380,"column":8}},{"start":{"line":380,"column":8},"end":{"line":380,"column":8}}]},"44":{"line":384,"type":"if","locations":[{"start":{"line":384,"column":8},"end":{"line":384,"column":8}},{"start":{"line":384,"column":8},"end":{"line":384,"column":8}}]},"45":{"line":388,"type":"if","locations":[{"start":{"line":388,"column":8},"end":{"line":388,"column":8}},{"start":{"line":388,"column":8},"end":{"line":388,"column":8}}]},"46":{"line":393,"type":"if","locations":[{"start":{"line":393,"column":8},"end":{"line":393,"column":8}},{"start":{"line":393,"column":8},"end":{"line":393,"column":8}}]},"47":{"line":397,"type":"if","locations":[{"start":{"line":397,"column":12},"end":{"line":397,"column":12}},{"start":{"line":397,"column":12},"end":{"line":397,"column":12}}]},"48":{"line":404,"type":"if","locations":[{"start":{"line":404,"column":8},"end":{"line":404,"column":8}},{"start":{"line":404,"column":8},"end":{"line":404,"column":8}}]},"49":{"line":407,"type":"if","locations":[{"start":{"line":407,"column":12},"end":{"line":407,"column":12}},{"start":{"line":407,"column":12},"end":{"line":407,"column":12}}]},"50":{"line":426,"type":"if","locations":[{"start":{"line":426,"column":8},"end":{"line":426,"column":8}},{"start":{"line":426,"column":8},"end":{"line":426,"column":8}}]},"51":{"line":429,"type":"if","locations":[{"start":{"line":429,"column":12},"end":{"line":429,"column":12}},{"start":{"line":429,"column":12},"end":{"line":429,"column":12}}]},"52":{"line":440,"type":"if","locations":[{"start":{"line":440,"column":8},"end":{"line":440,"column":8}},{"start":{"line":440,"column":8},"end":{"line":440,"column":8}}]},"53":{"line":443,"type":"if","locations":[{"start":{"line":443,"column":12},"end":{"line":443,"column":12}},{"start":{"line":443,"column":12},"end":{"line":443,"column":12}}]},"54":{"line":480,"type":"if","locations":[{"start":{"line":480,"column":8},"end":{"line":480,"column":8}},{"start":{"line":480,"column":8},"end":{"line":480,"column":8}}]},"55":{"line":483,"type":"cond-expr","locations":[{"start":{"line":483,"column":48},"end":{"line":483,"column":59}},{"start":{"line":483,"column":62},"end":{"line":483,"column":67}}]},"56":{"line":485,"type":"if","locations":[{"start":{"line":485,"column":8},"end":{"line":485,"column":8}},{"start":{"line":485,"column":8},"end":{"line":485,"column":8}}]},"57":{"line":485,"type":"binary-expr","locations":[{"start":{"line":485,"column":12},"end":{"line":485,"column":37}},{"start":{"line":485,"column":41},"end":{"line":485,"column":46}}]},"58":{"line":486,"type":"if","locations":[{"start":{"line":486,"column":12},"end":{"line":486,"column":12}},{"start":{"line":486,"column":12},"end":{"line":486,"column":12}}]},"59":{"line":488,"type":"if","locations":[{"start":{"line":488,"column":16},"end":{"line":488,"column":16}},{"start":{"line":488,"column":16},"end":{"line":488,"column":16}}]},"60":{"line":488,"type":"binary-expr","locations":[{"start":{"line":488,"column":20},"end":{"line":488,"column":38}},{"start":{"line":488,"column":42},"end":{"line":488,"column":102}}]},"61":{"line":493,"type":"if","locations":[{"start":{"line":493,"column":19},"end":{"line":493,"column":19}},{"start":{"line":493,"column":19},"end":{"line":493,"column":19}}]},"62":{"line":493,"type":"binary-expr","locations":[{"start":{"line":493,"column":23},"end":{"line":493,"column":47}},{"start":{"line":493,"column":51},"end":{"line":493,"column":76}}]},"63":{"line":495,"type":"if","locations":[{"start":{"line":495,"column":16},"end":{"line":495,"column":16}},{"start":{"line":495,"column":16},"end":{"line":495,"column":16}}]},"64":{"line":495,"type":"binary-expr","locations":[{"start":{"line":495,"column":20},"end":{"line":495,"column":40}},{"start":{"line":495,"column":44},"end":{"line":495,"column":106}}]},"65":{"line":504,"type":"if","locations":[{"start":{"line":504,"column":8},"end":{"line":504,"column":8}},{"start":{"line":504,"column":8},"end":{"line":504,"column":8}}]},"66":{"line":506,"type":"if","locations":[{"start":{"line":506,"column":12},"end":{"line":506,"column":12}},{"start":{"line":506,"column":12},"end":{"line":506,"column":12}}]},"67":{"line":525,"type":"if","locations":[{"start":{"line":525,"column":8},"end":{"line":525,"column":8}},{"start":{"line":525,"column":8},"end":{"line":525,"column":8}}]},"68":{"line":526,"type":"if","locations":[{"start":{"line":526,"column":12},"end":{"line":526,"column":12}},{"start":{"line":526,"column":12},"end":{"line":526,"column":12}}]},"69":{"line":532,"type":"if","locations":[{"start":{"line":532,"column":20},"end":{"line":532,"column":20}},{"start":{"line":532,"column":20},"end":{"line":532,"column":20}}]},"70":{"line":532,"type":"binary-expr","locations":[{"start":{"line":532,"column":23},"end":{"line":532,"column":42}},{"start":{"line":532,"column":46},"end":{"line":532,"column":71}}]},"71":{"line":544,"type":"if","locations":[{"start":{"line":544,"column":20},"end":{"line":544,"column":20}},{"start":{"line":544,"column":20},"end":{"line":544,"column":20}}]},"72":{"line":549,"type":"if","locations":[{"start":{"line":549,"column":16},"end":{"line":549,"column":16}},{"start":{"line":549,"column":16},"end":{"line":549,"column":16}}]},"73":{"line":550,"type":"if","locations":[{"start":{"line":550,"column":20},"end":{"line":550,"column":20}},{"start":{"line":550,"column":20},"end":{"line":550,"column":20}}]},"74":{"line":560,"type":"if","locations":[{"start":{"line":560,"column":16},"end":{"line":560,"column":16}},{"start":{"line":560,"column":16},"end":{"line":560,"column":16}}]},"75":{"line":560,"type":"binary-expr","locations":[{"start":{"line":560,"column":20},"end":{"line":560,"column":25}},{"start":{"line":560,"column":30},"end":{"line":560,"column":63}}]},"76":{"line":564,"type":"if","locations":[{"start":{"line":564,"column":15},"end":{"line":564,"column":15}},{"start":{"line":564,"column":15},"end":{"line":564,"column":15}}]},"77":{"line":572,"type":"if","locations":[{"start":{"line":572,"column":12},"end":{"line":572,"column":12}},{"start":{"line":572,"column":12},"end":{"line":572,"column":12}}]},"78":{"line":572,"type":"binary-expr","locations":[{"start":{"line":572,"column":16},"end":{"line":572,"column":33}},{"start":{"line":572,"column":37},"end":{"line":572,"column":59}}]},"79":{"line":573,"type":"if","locations":[{"start":{"line":573,"column":16},"end":{"line":573,"column":16}},{"start":{"line":573,"column":16},"end":{"line":573,"column":16}}]},"80":{"line":578,"type":"if","locations":[{"start":{"line":578,"column":16},"end":{"line":578,"column":16}},{"start":{"line":578,"column":16},"end":{"line":578,"column":16}}]},"81":{"line":580,"type":"if","locations":[{"start":{"line":580,"column":20},"end":{"line":580,"column":20}},{"start":{"line":580,"column":20},"end":{"line":580,"column":20}}]},"82":{"line":585,"type":"if","locations":[{"start":{"line":585,"column":24},"end":{"line":585,"column":24}},{"start":{"line":585,"column":24},"end":{"line":585,"column":24}}]},"83":{"line":598,"type":"if","locations":[{"start":{"line":598,"column":23},"end":{"line":598,"column":23}},{"start":{"line":598,"column":23},"end":{"line":598,"column":23}}]},"84":{"line":603,"type":"if","locations":[{"start":{"line":603,"column":20},"end":{"line":603,"column":20}},{"start":{"line":603,"column":20},"end":{"line":603,"column":20}}]},"85":{"line":604,"type":"if","locations":[{"start":{"line":604,"column":24},"end":{"line":604,"column":24}},{"start":{"line":604,"column":24},"end":{"line":604,"column":24}}]},"86":{"line":624,"type":"if","locations":[{"start":{"line":624,"column":8},"end":{"line":624,"column":8}},{"start":{"line":624,"column":8},"end":{"line":624,"column":8}}]},"87":{"line":635,"type":"if","locations":[{"start":{"line":635,"column":8},"end":{"line":635,"column":8}},{"start":{"line":635,"column":8},"end":{"line":635,"column":8}}]},"88":{"line":640,"type":"if","locations":[{"start":{"line":640,"column":8},"end":{"line":640,"column":8}},{"start":{"line":640,"column":8},"end":{"line":640,"column":8}}]},"89":{"line":656,"type":"if","locations":[{"start":{"line":656,"column":8},"end":{"line":656,"column":8}},{"start":{"line":656,"column":8},"end":{"line":656,"column":8}}]},"90":{"line":668,"type":"if","locations":[{"start":{"line":668,"column":12},"end":{"line":668,"column":12}},{"start":{"line":668,"column":12},"end":{"line":668,"column":12}}]},"91":{"line":674,"type":"binary-expr","locations":[{"start":{"line":674,"column":47},"end":{"line":674,"column":53}},{"start":{"line":674,"column":57},"end":{"line":674,"column":59}}]},"92":{"line":675,"type":"if","locations":[{"start":{"line":675,"column":12},"end":{"line":675,"column":12}},{"start":{"line":675,"column":12},"end":{"line":675,"column":12}}]},"93":{"line":676,"type":"if","locations":[{"start":{"line":676,"column":16},"end":{"line":676,"column":16}},{"start":{"line":676,"column":16},"end":{"line":676,"column":16}}]},"94":{"line":680,"type":"if","locations":[{"start":{"line":680,"column":16},"end":{"line":680,"column":16}},{"start":{"line":680,"column":16},"end":{"line":680,"column":16}}]},"95":{"line":685,"type":"if","locations":[{"start":{"line":685,"column":12},"end":{"line":685,"column":12}},{"start":{"line":685,"column":12},"end":{"line":685,"column":12}}]},"96":{"line":691,"type":"if","locations":[{"start":{"line":691,"column":12},"end":{"line":691,"column":12}},{"start":{"line":691,"column":12},"end":{"line":691,"column":12}}]},"97":{"line":701,"type":"if","locations":[{"start":{"line":701,"column":8},"end":{"line":701,"column":8}},{"start":{"line":701,"column":8},"end":{"line":701,"column":8}}]},"98":{"line":702,"type":"if","locations":[{"start":{"line":702,"column":12},"end":{"line":702,"column":12}},{"start":{"line":702,"column":12},"end":{"line":702,"column":12}}]},"99":{"line":707,"type":"if","locations":[{"start":{"line":707,"column":8},"end":{"line":707,"column":8}},{"start":{"line":707,"column":8},"end":{"line":707,"column":8}}]},"100":{"line":716,"type":"if","locations":[{"start":{"line":716,"column":12},"end":{"line":716,"column":12}},{"start":{"line":716,"column":12},"end":{"line":716,"column":12}}]},"101":{"line":716,"type":"binary-expr","locations":[{"start":{"line":716,"column":16},"end":{"line":716,"column":30}},{"start":{"line":716,"column":34},"end":{"line":716,"column":53}}]},"102":{"line":717,"type":"if","locations":[{"start":{"line":717,"column":16},"end":{"line":717,"column":16}},{"start":{"line":717,"column":16},"end":{"line":717,"column":16}}]},"103":{"line":717,"type":"binary-expr","locations":[{"start":{"line":717,"column":20},"end":{"line":717,"column":28}},{"start":{"line":717,"column":32},"end":{"line":717,"column":54}}]},"104":{"line":724,"type":"if","locations":[{"start":{"line":724,"column":8},"end":{"line":724,"column":8}},{"start":{"line":724,"column":8},"end":{"line":724,"column":8}}]},"105":{"line":733,"type":"cond-expr","locations":[{"start":{"line":733,"column":65},"end":{"line":733,"column":79}},{"start":{"line":733,"column":82},"end":{"line":733,"column":86}}]},"106":{"line":733,"type":"binary-expr","locations":[{"start":{"line":733,"column":24},"end":{"line":733,"column":29}},{"start":{"line":733,"column":33},"end":{"line":733,"column":61}}]},"107":{"line":739,"type":"if","locations":[{"start":{"line":739,"column":12},"end":{"line":739,"column":12}},{"start":{"line":739,"column":12},"end":{"line":739,"column":12}}]},"108":{"line":749,"type":"if","locations":[{"start":{"line":749,"column":12},"end":{"line":749,"column":12}},{"start":{"line":749,"column":12},"end":{"line":749,"column":12}}]},"109":{"line":752,"type":"if","locations":[{"start":{"line":752,"column":12},"end":{"line":752,"column":12}},{"start":{"line":752,"column":12},"end":{"line":752,"column":12}}]},"110":{"line":757,"type":"if","locations":[{"start":{"line":757,"column":8},"end":{"line":757,"column":8}},{"start":{"line":757,"column":8},"end":{"line":757,"column":8}}]},"111":{"line":766,"type":"if","locations":[{"start":{"line":766,"column":8},"end":{"line":766,"column":8}},{"start":{"line":766,"column":8},"end":{"line":766,"column":8}}]},"112":{"line":769,"type":"if","locations":[{"start":{"line":769,"column":8},"end":{"line":769,"column":8}},{"start":{"line":769,"column":8},"end":{"line":769,"column":8}}]},"113":{"line":773,"type":"if","locations":[{"start":{"line":773,"column":12},"end":{"line":773,"column":12}},{"start":{"line":773,"column":12},"end":{"line":773,"column":12},"skip":true}]},"114":{"line":775,"type":"if","locations":[{"start":{"line":775,"column":19},"end":{"line":775,"column":19},"skip":true},{"start":{"line":775,"column":19},"end":{"line":775,"column":19},"skip":true}]},"115":{"line":777,"type":"if","locations":[{"start":{"line":777,"column":19},"end":{"line":777,"column":19},"skip":true},{"start":{"line":777,"column":19},"end":{"line":777,"column":19},"skip":true}]},"116":{"line":786,"type":"if","locations":[{"start":{"line":786,"column":12},"end":{"line":786,"column":12}},{"start":{"line":786,"column":12},"end":{"line":786,"column":12},"skip":true}]},"117":{"line":788,"type":"if","locations":[{"start":{"line":788,"column":19},"end":{"line":788,"column":19},"skip":true},{"start":{"line":788,"column":19},"end":{"line":788,"column":19},"skip":true}]},"118":{"line":790,"type":"if","locations":[{"start":{"line":790,"column":19},"end":{"line":790,"column":19},"skip":true},{"start":{"line":790,"column":19},"end":{"line":790,"column":19},"skip":true}]},"119":{"line":804,"type":"if","locations":[{"start":{"line":804,"column":0},"end":{"line":804,"column":0}},{"start":{"line":804,"column":0},"end":{"line":804,"column":0},"skip":true}]}},"l":{"1":1,"5":1,"6":1,"7":1,"11":1,"12":117,"13":117,"14":29,"16":88,"19":1,"20":50,"22":50,"24":50,"25":50,"26":50,"27":50,"28":50,"31":50,"33":50,"36":4,"37":3,"38":3,"40":3,"41":0,"42":0,"43":0,"45":0,"46":0,"48":0,"51":0,"55":0,"58":3,"59":3,"60":6,"61":6,"64":3,"65":2,"67":3,"68":1,"69":1,"70":1,"71":1,"75":3,"76":3,"81":1,"82":1,"83":1,"90":1,"91":2,"93":2,"94":2,"95":2,"96":0,"98":2,"101":2,"102":2,"103":2,"104":3,"105":3,"106":3,"107":1,"109":2,"110":2,"111":2,"112":1,"114":1,"116":2,"117":2,"121":1,"126":1,"127":19,"130":19,"132":19,"133":19,"135":18,"136":18,"137":0,"138":0,"141":18,"146":18,"149":1,"150":1,"153":1,"154":1,"155":2,"157":2,"158":2,"159":1,"161":1,"164":2,"165":2,"166":1,"168":1,"170":2,"171":1,"178":2,"179":1,"181":1,"187":2,"190":1,"193":1,"194":2,"196":2,"198":2,"199":2,"200":1,"203":1,"208":1,"209":16,"211":16,"213":16,"214":16,"215":16,"216":16,"217":16,"220":16,"222":3,"224":13,"228":1,"229":17,"231":17,"232":0,"235":17,"236":17,"238":17,"242":17,"245":17,"246":17,"250":17,"254":1,"255":8,"257":8,"259":8,"262":1,"263":19,"265":19,"268":3,"269":1,"270":2,"272":2,"274":0,"277":1,"280":2,"282":0,"284":2,"291":3,"293":16,"296":1,"297":11,"299":11,"300":11,"303":1,"304":2,"306":2,"310":2,"313":1,"314":1,"316":1,"318":1,"322":1,"323":39,"325":39,"326":39,"327":39,"329":13,"330":13,"331":5,"335":39,"338":1,"339":36,"341":36,"343":36,"344":35,"345":5,"350":1,"351":39,"353":39,"355":39,"357":39,"360":39,"361":39,"363":3,"364":3,"368":39,"369":39,"370":39,"371":5,"372":5,"373":3,"380":39,"381":11,"382":11,"384":39,"385":12,"386":12,"388":39,"389":6,"390":6,"393":39,"394":25,"395":25,"397":25,"398":24,"401":1,"404":15,"407":7,"409":5,"413":2,"420":8,"423":1,"424":39,"426":39,"427":6,"429":6,"430":1,"433":33,"437":1,"438":0,"440":0,"441":0,"443":0,"444":0,"452":1,"453":1,"454":1,"456":1,"457":1,"458":1,"459":1,"460":1,"461":1,"463":1,"464":1,"472":1,"473":8,"479":1,"480":13,"481":4,"483":13,"485":13,"486":12,"487":2,"488":2,"489":1,"490":1,"491":1,"493":10,"494":4,"495":4,"496":3,"497":3,"502":13,"504":13,"506":2,"507":1,"511":13,"518":1,"520":92,"521":92,"522":92,"523":92,"525":92,"526":82,"527":38,"528":38,"529":38,"530":38,"531":93,"532":93,"533":38,"534":38,"535":38,"537":55,"541":55,"544":55,"545":9,"548":38,"549":38,"550":31,"551":2,"553":29,"556":7,"558":44,"559":44,"560":44,"561":2,"564":10,"565":9,"566":9,"568":1,"571":53,"572":53,"573":32,"574":30,"576":32,"578":32,"580":12,"581":10,"582":10,"583":10,"585":2,"587":1,"590":1,"591":1,"593":1,"594":1,"595":1,"598":20,"600":1,"603":19,"604":14,"605":13,"607":1,"609":14,"611":5,"612":5,"616":21,"620":53,"622":9,"624":53,"626":9,"628":44,"629":44,"633":1,"635":37,"636":1,"637":1,"640":37,"641":8,"644":37,"648":15,"656":37,"657":26,"658":26,"660":11,"663":37,"664":37,"665":37,"666":30,"667":30,"668":30,"669":19,"672":37,"674":37,"675":36,"676":30,"677":18,"680":6,"681":5,"685":36,"686":1,"687":1,"688":1,"691":35,"692":9,"693":9,"694":9,"697":26,"698":26,"699":26,"701":36,"702":9,"703":8,"705":9,"707":27,"708":27,"710":0,"714":1,"715":12,"716":12,"717":6,"718":5,"721":1,"724":12,"725":1,"726":1,"728":11,"731":1,"733":7,"735":7,"737":7,"739":7,"740":1,"743":6,"745":6,"746":6,"747":6,"749":6,"750":4,"752":2,"753":1,"757":7,"758":6,"759":6,"762":1,"765":1,"766":16,"767":2,"769":14,"770":11,"773":11,"774":1,"775":10,"776":2,"777":8,"778":1,"783":3,"786":3,"787":1,"788":2,"789":1,"790":1,"791":1,"797":7,"800":1,"804":1,"805":1}}}
