TN:
SF:/Users/marcuslongmuir/Documents/workspace/FieldVal/fieldval-js/src/FieldVal.js
FN:1,(anonymous_1)
FN:6,(anonymous_2)
FN:11,(anonymous_3)
FN:19,FieldVal
FN:90,(anonymous_5)
FN:126,(anonymous_6)
FN:193,(anonymous_7)
FN:197,(anonymous_8)
FN:208,(anonymous_9)
FN:215,(anonymous_10)
FN:228,(anonymous_11)
FN:241,(anonymous_12)
FN:244,(anonymous_13)
FN:254,(anonymous_14)
FN:262,(anonymous_15)
FN:296,(anonymous_16)
FN:303,(anonymous_17)
FN:313,(anonymous_18)
FN:322,(anonymous_19)
FN:338,(anonymous_20)
FN:350,(anonymous_21)
FN:423,(anonymous_22)
FN:437,(anonymous_23)
FN:463,(anonymous_24)
FN:472,(anonymous_25)
FN:479,(anonymous_26)
FN:518,(anonymous_27)
FN:530,(anonymous_28)
FN:540,(anonymous_29)
FN:571,(anonymous_30)
FN:620,(anonymous_31)
FN:633,(anonymous_32)
FN:647,(anonymous_33)
FN:665,(anonymous_34)
FN:674,(anonymous_35)
FN:714,(anonymous_36)
FN:715,(anonymous_37)
FN:731,(anonymous_38)
FN:735,(anonymous_39)
FN:765,(anonymous_40)
FNF:40
FNH:39
FNDA:1,(anonymous_1)
FNDA:0,(anonymous_2)
FNDA:117,(anonymous_3)
FNDA:50,FieldVal
FNDA:2,(anonymous_5)
FNDA:19,(anonymous_6)
FNDA:2,(anonymous_7)
FNDA:2,(anonymous_8)
FNDA:16,(anonymous_9)
FNDA:16,(anonymous_10)
FNDA:17,(anonymous_11)
FNDA:17,(anonymous_12)
FNDA:17,(anonymous_13)
FNDA:8,(anonymous_14)
FNDA:19,(anonymous_15)
FNDA:11,(anonymous_16)
FNDA:2,(anonymous_17)
FNDA:1,(anonymous_18)
FNDA:39,(anonymous_19)
FNDA:36,(anonymous_20)
FNDA:39,(anonymous_21)
FNDA:39,(anonymous_22)
FNDA:0,(anonymous_23)
FNDA:1,(anonymous_24)
FNDA:8,(anonymous_25)
FNDA:13,(anonymous_26)
FNDA:92,(anonymous_27)
FNDA:93,(anonymous_28)
FNDA:55,(anonymous_29)
FNDA:53,(anonymous_30)
FNDA:9,(anonymous_31)
FNDA:37,(anonymous_32)
FNDA:15,(anonymous_33)
FNDA:30,(anonymous_34)
FNDA:36,(anonymous_35)
FNDA:12,(anonymous_36)
FNDA:12,(anonymous_37)
FNDA:7,(anonymous_38)
FNDA:7,(anonymous_39)
FNDA:16,(anonymous_40)
DA:1,1
DA:5,1
DA:6,1
DA:7,1
DA:11,1
DA:12,117
DA:13,117
DA:14,29
DA:16,88
DA:19,1
DA:20,50
DA:22,50
DA:24,50
DA:25,50
DA:26,50
DA:27,50
DA:28,50
DA:31,50
DA:33,50
DA:36,4
DA:37,3
DA:38,3
DA:40,3
DA:41,0
DA:42,0
DA:43,0
DA:45,0
DA:46,0
DA:48,0
DA:51,0
DA:55,0
DA:58,3
DA:59,3
DA:60,6
DA:61,6
DA:64,3
DA:65,2
DA:67,3
DA:68,1
DA:69,1
DA:70,1
DA:71,1
DA:75,3
DA:76,3
DA:81,1
DA:82,1
DA:83,1
DA:90,1
DA:91,2
DA:93,2
DA:94,2
DA:95,2
DA:96,0
DA:98,2
DA:101,2
DA:102,2
DA:103,2
DA:104,3
DA:105,3
DA:106,3
DA:107,1
DA:109,2
DA:110,2
DA:111,2
DA:112,1
DA:114,1
DA:116,2
DA:117,2
DA:121,1
DA:126,1
DA:127,19
DA:130,19
DA:132,19
DA:133,19
DA:135,18
DA:136,18
DA:137,0
DA:138,0
DA:141,18
DA:146,18
DA:149,1
DA:150,1
DA:153,1
DA:154,1
DA:155,2
DA:157,2
DA:158,2
DA:159,1
DA:161,1
DA:164,2
DA:165,2
DA:166,1
DA:168,1
DA:170,2
DA:171,1
DA:178,2
DA:179,1
DA:181,1
DA:187,2
DA:190,1
DA:193,1
DA:194,2
DA:196,2
DA:198,2
DA:199,2
DA:200,1
DA:203,1
DA:208,1
DA:209,16
DA:211,16
DA:213,16
DA:214,16
DA:215,16
DA:216,16
DA:217,16
DA:220,16
DA:222,3
DA:224,13
DA:228,1
DA:229,17
DA:231,17
DA:232,0
DA:235,17
DA:236,17
DA:238,17
DA:242,17
DA:245,17
DA:246,17
DA:250,17
DA:254,1
DA:255,8
DA:257,8
DA:259,8
DA:262,1
DA:263,19
DA:265,19
DA:268,3
DA:269,1
DA:270,2
DA:272,2
DA:274,0
DA:277,1
DA:280,2
DA:282,0
DA:284,2
DA:291,3
DA:293,16
DA:296,1
DA:297,11
DA:299,11
DA:300,11
DA:303,1
DA:304,2
DA:306,2
DA:310,2
DA:313,1
DA:314,1
DA:316,1
DA:318,1
DA:322,1
DA:323,39
DA:325,39
DA:326,39
DA:327,39
DA:329,13
DA:330,13
DA:331,5
DA:335,39
DA:338,1
DA:339,36
DA:341,36
DA:343,36
DA:344,35
DA:345,5
DA:350,1
DA:351,39
DA:353,39
DA:355,39
DA:357,39
DA:360,39
DA:361,39
DA:363,3
DA:364,3
DA:368,39
DA:369,39
DA:370,39
DA:371,5
DA:372,5
DA:373,3
DA:380,39
DA:381,11
DA:382,11
DA:384,39
DA:385,12
DA:386,12
DA:388,39
DA:389,6
DA:390,6
DA:393,39
DA:394,25
DA:395,25
DA:397,25
DA:398,24
DA:401,1
DA:404,15
DA:407,7
DA:409,5
DA:413,2
DA:420,8
DA:423,1
DA:424,39
DA:426,39
DA:427,6
DA:429,6
DA:430,1
DA:433,33
DA:437,1
DA:438,0
DA:440,0
DA:441,0
DA:443,0
DA:444,0
DA:452,1
DA:453,1
DA:454,1
DA:456,1
DA:457,1
DA:458,1
DA:459,1
DA:460,1
DA:461,1
DA:463,1
DA:464,1
DA:472,1
DA:473,8
DA:479,1
DA:480,13
DA:481,4
DA:483,13
DA:485,13
DA:486,12
DA:487,2
DA:488,2
DA:489,1
DA:490,1
DA:491,1
DA:493,10
DA:494,4
DA:495,4
DA:496,3
DA:497,3
DA:502,13
DA:504,13
DA:506,2
DA:507,1
DA:511,13
DA:518,1
DA:520,92
DA:521,92
DA:522,92
DA:523,92
DA:525,92
DA:526,82
DA:527,38
DA:528,38
DA:529,38
DA:530,38
DA:531,93
DA:532,93
DA:533,38
DA:534,38
DA:535,38
DA:537,55
DA:541,55
DA:544,55
DA:545,9
DA:548,38
DA:549,38
DA:550,31
DA:551,2
DA:553,29
DA:556,7
DA:558,44
DA:559,44
DA:560,44
DA:561,2
DA:564,10
DA:565,9
DA:566,9
DA:568,1
DA:571,53
DA:572,53
DA:573,32
DA:574,30
DA:576,32
DA:578,32
DA:580,12
DA:581,10
DA:582,10
DA:583,10
DA:585,2
DA:587,1
DA:590,1
DA:591,1
DA:593,1
DA:594,1
DA:595,1
DA:598,20
DA:600,1
DA:603,19
DA:604,14
DA:605,13
DA:607,1
DA:609,14
DA:611,5
DA:612,5
DA:616,21
DA:620,53
DA:622,9
DA:624,53
DA:626,9
DA:628,44
DA:629,44
DA:633,1
DA:635,37
DA:636,1
DA:637,1
DA:640,37
DA:641,8
DA:644,37
DA:648,15
DA:656,37
DA:657,26
DA:658,26
DA:660,11
DA:663,37
DA:664,37
DA:665,37
DA:666,30
DA:667,30
DA:668,30
DA:669,19
DA:672,37
DA:674,37
DA:675,36
DA:676,30
DA:677,18
DA:680,6
DA:681,5
DA:685,36
DA:686,1
DA:687,1
DA:688,1
DA:691,35
DA:692,9
DA:693,9
DA:694,9
DA:697,26
DA:698,26
DA:699,26
DA:701,36
DA:702,9
DA:703,8
DA:705,9
DA:707,27
DA:708,27
DA:710,0
DA:714,1
DA:715,12
DA:716,12
DA:717,6
DA:718,5
DA:721,1
DA:724,12
DA:725,1
DA:726,1
DA:728,11
DA:731,1
DA:733,7
DA:735,7
DA:737,7
DA:739,7
DA:740,1
DA:743,6
DA:745,6
DA:746,6
DA:747,6
DA:749,6
DA:750,4
DA:752,2
DA:753,1
DA:757,7
DA:758,6
DA:759,6
DA:762,1
DA:765,1
DA:766,16
DA:767,2
DA:769,14
DA:770,11
DA:773,11
DA:774,1
DA:775,10
DA:776,2
DA:777,8
DA:778,1
DA:783,3
DA:786,3
DA:787,1
DA:788,2
DA:789,1
DA:790,1
DA:791,1
DA:797,7
DA:800,1
DA:804,1
DA:805,1
LF:417
LH:397
BRDA:5,1,0,0
BRDA:5,1,1,1
BRDA:14,2,0,29
BRDA:14,2,1,0
BRDA:33,3,0,4
BRDA:33,3,1,46
BRDA:36,4,0,3
BRDA:36,4,1,1
BRDA:38,5,0,3
BRDA:38,5,1,0
BRDA:41,6,0,0
BRDA:41,6,1,0
BRDA:45,7,0,0
BRDA:45,7,1,0
BRDA:58,8,0,3
BRDA:58,8,1,0
BRDA:60,9,0,6
BRDA:60,9,1,0
BRDA:64,10,0,2
BRDA:64,10,1,1
BRDA:67,11,0,1
BRDA:67,11,1,2
BRDA:70,12,0,1
BRDA:70,12,1,0
BRDA:75,13,0,3
BRDA:75,13,1,0
BRDA:82,14,0,1
BRDA:82,14,1,0
BRDA:95,15,0,0
BRDA:95,15,1,2
BRDA:106,16,0,1
BRDA:106,16,1,2
BRDA:109,17,0,2
BRDA:109,17,1,0
BRDA:111,18,0,1
BRDA:111,18,1,1
BRDA:116,19,0,2
BRDA:116,19,1,0
BRDA:133,20,0,18
BRDA:133,20,1,1
BRDA:136,21,0,0
BRDA:136,21,1,18
BRDA:158,22,0,1
BRDA:158,22,1,1
BRDA:165,23,0,1
BRDA:165,23,1,1
BRDA:170,24,0,1
BRDA:170,24,1,1
BRDA:178,25,0,1
BRDA:178,25,1,1
BRDA:199,26,0,1
BRDA:199,26,1,1
BRDA:220,27,0,3
BRDA:220,27,1,13
BRDA:231,28,0,0
BRDA:231,28,1,17
BRDA:245,29,0,17
BRDA:245,29,1,0
BRDA:250,30,0,4
BRDA:250,30,1,13
BRDA:265,31,0,3
BRDA:265,31,1,16
BRDA:268,32,0,1
BRDA:268,32,1,2
BRDA:272,33,0,0
BRDA:272,33,1,2
BRDA:272,34,0,2
BRDA:272,34,1,0
BRDA:280,35,0,0
BRDA:280,35,1,2
BRDA:280,36,0,2
BRDA:280,36,1,2
BRDA:329,37,0,13
BRDA:329,37,1,0
BRDA:330,38,0,5
BRDA:330,38,1,8
BRDA:343,39,0,35
BRDA:343,39,1,1
BRDA:344,40,0,5
BRDA:344,40,1,30
BRDA:363,41,0,3
BRDA:363,41,1,0
BRDA:372,42,0,3
BRDA:372,42,1,2
BRDA:380,43,0,11
BRDA:380,43,1,28
BRDA:384,44,0,12
BRDA:384,44,1,27
BRDA:388,45,0,6
BRDA:388,45,1,33
BRDA:393,46,0,25
BRDA:393,46,1,14
BRDA:397,47,0,24
BRDA:397,47,1,1
BRDA:404,48,0,7
BRDA:404,48,1,8
BRDA:407,49,0,5
BRDA:407,49,1,2
BRDA:426,50,0,6
BRDA:426,50,1,33
BRDA:429,51,0,1
BRDA:429,51,1,5
BRDA:440,52,0,0
BRDA:440,52,1,0
BRDA:443,53,0,0
BRDA:443,53,1,0
BRDA:480,54,0,4
BRDA:480,54,1,9
BRDA:483,55,0,6
BRDA:483,55,1,7
BRDA:485,56,0,12
BRDA:485,56,1,1
BRDA:485,57,0,13
BRDA:485,57,1,7
BRDA:486,58,0,2
BRDA:486,58,1,10
BRDA:488,59,0,1
BRDA:488,59,1,1
BRDA:488,60,0,2
BRDA:488,60,1,2
BRDA:493,61,0,4
BRDA:493,61,1,6
BRDA:493,62,0,10
BRDA:493,62,1,9
BRDA:495,63,0,3
BRDA:495,63,1,1
BRDA:495,64,0,4
BRDA:495,64,1,4
BRDA:504,65,0,2
BRDA:504,65,1,11
BRDA:506,66,0,1
BRDA:506,66,1,1
BRDA:525,67,0,82
BRDA:525,67,1,10
BRDA:526,68,0,38
BRDA:526,68,1,44
BRDA:532,69,0,38
BRDA:532,69,1,55
BRDA:532,70,0,93
BRDA:532,70,1,61
BRDA:544,71,0,9
BRDA:544,71,1,46
BRDA:549,72,0,31
BRDA:549,72,1,7
BRDA:550,73,0,2
BRDA:550,73,1,29
BRDA:560,74,0,2
BRDA:560,74,1,42
BRDA:560,75,0,44
BRDA:560,75,1,44
BRDA:564,76,0,9
BRDA:564,76,1,1
BRDA:572,77,0,32
BRDA:572,77,1,21
BRDA:572,78,0,53
BRDA:572,78,1,53
BRDA:573,79,0,30
BRDA:573,79,1,2
BRDA:578,80,0,12
BRDA:578,80,1,20
BRDA:580,81,0,10
BRDA:580,81,1,2
BRDA:585,82,0,1
BRDA:585,82,1,1
BRDA:598,83,0,1
BRDA:598,83,1,19
BRDA:603,84,0,14
BRDA:603,84,1,5
BRDA:604,85,0,13
BRDA:604,85,1,1
BRDA:624,86,0,9
BRDA:624,86,1,44
BRDA:635,87,0,1
BRDA:635,87,1,36
BRDA:640,88,0,8
BRDA:640,88,1,29
BRDA:656,89,0,26
BRDA:656,89,1,11
BRDA:668,90,0,19
BRDA:668,90,1,11
BRDA:674,91,0,37
BRDA:674,91,1,1
BRDA:675,92,0,30
BRDA:675,92,1,6
BRDA:676,93,0,18
BRDA:676,93,1,12
BRDA:680,94,0,5
BRDA:680,94,1,1
BRDA:685,95,0,1
BRDA:685,95,1,35
BRDA:691,96,0,9
BRDA:691,96,1,26
BRDA:701,97,0,9
BRDA:701,97,1,27
BRDA:702,98,0,8
BRDA:702,98,1,1
BRDA:707,99,0,27
BRDA:707,99,1,0
BRDA:716,100,0,6
BRDA:716,100,1,6
BRDA:716,101,0,12
BRDA:716,101,1,12
BRDA:717,102,0,5
BRDA:717,102,1,1
BRDA:717,103,0,6
BRDA:717,103,1,2
BRDA:724,104,0,1
BRDA:724,104,1,11
BRDA:733,105,0,1
BRDA:733,105,1,6
BRDA:733,106,0,7
BRDA:733,106,1,6
BRDA:739,107,0,1
BRDA:739,107,1,6
BRDA:749,108,0,4
BRDA:749,108,1,2
BRDA:752,109,0,1
BRDA:752,109,1,1
BRDA:757,110,0,6
BRDA:757,110,1,1
BRDA:766,111,0,2
BRDA:766,111,1,14
BRDA:769,112,0,11
BRDA:769,112,1,3
BRDA:773,113,0,1
BRDA:773,113,1,10
BRDA:775,114,0,2
BRDA:775,114,1,8
BRDA:777,115,0,1
BRDA:777,115,1,7
BRDA:786,116,0,1
BRDA:786,116,1,2
BRDA:788,117,0,1
BRDA:788,117,1,1
BRDA:790,118,0,1
BRDA:790,118,1,0
BRDA:804,119,0,1
BRDA:804,119,1,0
BRF:238
BRH:213
end_of_record
