TN:
SF:/Users/marcuslongmuir/Documents/workspace/FieldVal/fieldval-js/src/FieldVal.js
FN:1,(anonymous_1)
FN:6,(anonymous_2)
FN:11,(anonymous_3)
FN:19,FieldVal
FN:90,(anonymous_5)
FN:126,(anonymous_6)
FN:193,(anonymous_7)
FN:197,(anonymous_8)
FN:208,(anonymous_9)
FN:215,(anonymous_10)
FN:228,(anonymous_11)
FN:238,(anonymous_12)
FN:241,(anonymous_13)
FN:249,(anonymous_14)
FN:257,(anonymous_15)
FN:291,(anonymous_16)
FN:298,(anonymous_17)
FN:308,(anonymous_18)
FN:317,(anonymous_19)
FN:333,(anonymous_20)
FN:345,(anonymous_21)
FN:418,(anonymous_22)
FN:432,(anonymous_23)
FN:458,(anonymous_24)
FN:467,(anonymous_25)
FN:474,(anonymous_26)
FN:513,(anonymous_27)
FN:525,(anonymous_28)
FN:535,(anonymous_29)
FN:566,(anonymous_30)
FN:615,(anonymous_31)
FN:628,(anonymous_32)
FN:642,(anonymous_33)
FN:660,(anonymous_34)
FN:669,(anonymous_35)
FN:709,(anonymous_36)
FN:710,(anonymous_37)
FN:726,(anonymous_38)
FN:730,(anonymous_39)
FN:760,(anonymous_40)
FNF:40
FNH:39
FNDA:1,(anonymous_1)
FNDA:0,(anonymous_2)
FNDA:117,(anonymous_3)
FNDA:50,FieldVal
FNDA:2,(anonymous_5)
FNDA:19,(anonymous_6)
FNDA:2,(anonymous_7)
FNDA:2,(anonymous_8)
FNDA:16,(anonymous_9)
FNDA:16,(anonymous_10)
FNDA:17,(anonymous_11)
FNDA:17,(anonymous_12)
FNDA:17,(anonymous_13)
FNDA:8,(anonymous_14)
FNDA:19,(anonymous_15)
FNDA:11,(anonymous_16)
FNDA:2,(anonymous_17)
FNDA:1,(anonymous_18)
FNDA:39,(anonymous_19)
FNDA:36,(anonymous_20)
FNDA:39,(anonymous_21)
FNDA:39,(anonymous_22)
FNDA:0,(anonymous_23)
FNDA:1,(anonymous_24)
FNDA:8,(anonymous_25)
FNDA:13,(anonymous_26)
FNDA:92,(anonymous_27)
FNDA:93,(anonymous_28)
FNDA:55,(anonymous_29)
FNDA:53,(anonymous_30)
FNDA:9,(anonymous_31)
FNDA:37,(anonymous_32)
FNDA:15,(anonymous_33)
FNDA:30,(anonymous_34)
FNDA:36,(anonymous_35)
FNDA:12,(anonymous_36)
FNDA:12,(anonymous_37)
FNDA:7,(anonymous_38)
FNDA:7,(anonymous_39)
FNDA:16,(anonymous_40)
DA:1,1
DA:5,1
DA:6,1
DA:7,1
DA:11,1
DA:12,117
DA:13,117
DA:14,29
DA:16,88
DA:19,1
DA:20,50
DA:22,50
DA:24,50
DA:25,50
DA:26,50
DA:27,50
DA:28,50
DA:31,50
DA:33,50
DA:36,4
DA:37,3
DA:38,3
DA:40,3
DA:41,0
DA:42,0
DA:43,0
DA:45,0
DA:46,0
DA:48,0
DA:51,0
DA:55,0
DA:58,3
DA:59,3
DA:60,6
DA:61,6
DA:64,3
DA:65,2
DA:67,3
DA:68,1
DA:69,1
DA:70,1
DA:71,1
DA:75,3
DA:76,3
DA:81,1
DA:82,1
DA:83,1
DA:90,1
DA:91,2
DA:93,2
DA:94,2
DA:95,2
DA:96,0
DA:98,2
DA:101,2
DA:102,2
DA:103,2
DA:104,3
DA:105,3
DA:106,3
DA:107,1
DA:109,2
DA:110,2
DA:111,2
DA:112,1
DA:114,1
DA:116,2
DA:117,2
DA:121,1
DA:126,1
DA:127,19
DA:130,19
DA:132,19
DA:133,19
DA:135,18
DA:136,18
DA:137,0
DA:138,0
DA:141,18
DA:146,18
DA:149,1
DA:150,1
DA:153,1
DA:154,1
DA:155,2
DA:157,2
DA:158,2
DA:159,1
DA:161,1
DA:164,2
DA:165,2
DA:166,1
DA:168,1
DA:170,2
DA:171,1
DA:178,2
DA:179,1
DA:181,1
DA:187,2
DA:190,1
DA:193,1
DA:194,2
DA:196,2
DA:198,2
DA:199,2
DA:200,1
DA:203,1
DA:208,1
DA:209,16
DA:211,16
DA:213,16
DA:214,16
DA:215,16
DA:216,16
DA:217,16
DA:220,16
DA:222,3
DA:224,13
DA:228,1
DA:229,17
DA:231,17
DA:233,17
DA:235,17
DA:239,17
DA:242,17
DA:245,17
DA:249,1
DA:250,8
DA:252,8
DA:254,8
DA:257,1
DA:258,19
DA:260,19
DA:263,3
DA:264,1
DA:265,2
DA:267,2
DA:269,0
DA:272,1
DA:275,2
DA:277,0
DA:279,2
DA:286,3
DA:288,16
DA:291,1
DA:292,11
DA:294,11
DA:295,11
DA:298,1
DA:299,2
DA:301,2
DA:305,2
DA:308,1
DA:309,1
DA:311,1
DA:313,1
DA:317,1
DA:318,39
DA:320,39
DA:321,39
DA:322,39
DA:324,13
DA:325,13
DA:326,5
DA:330,39
DA:333,1
DA:334,36
DA:336,36
DA:338,36
DA:339,35
DA:340,5
DA:345,1
DA:346,39
DA:348,39
DA:350,39
DA:352,39
DA:355,39
DA:356,39
DA:358,3
DA:359,3
DA:363,39
DA:364,39
DA:365,39
DA:366,5
DA:367,5
DA:368,3
DA:375,39
DA:376,11
DA:377,11
DA:379,39
DA:380,12
DA:381,12
DA:383,39
DA:384,6
DA:385,6
DA:388,39
DA:389,25
DA:390,25
DA:392,25
DA:393,24
DA:396,1
DA:399,15
DA:402,7
DA:404,5
DA:408,2
DA:415,8
DA:418,1
DA:419,39
DA:421,39
DA:422,6
DA:424,6
DA:425,1
DA:428,33
DA:432,1
DA:433,0
DA:435,0
DA:436,0
DA:438,0
DA:439,0
DA:447,1
DA:448,1
DA:449,1
DA:451,1
DA:452,1
DA:453,1
DA:454,1
DA:455,1
DA:456,1
DA:458,1
DA:459,1
DA:467,1
DA:468,8
DA:474,1
DA:475,13
DA:476,4
DA:478,13
DA:480,13
DA:481,12
DA:482,2
DA:483,2
DA:484,1
DA:485,1
DA:486,1
DA:488,10
DA:489,4
DA:490,4
DA:491,3
DA:492,3
DA:497,13
DA:499,13
DA:501,2
DA:502,1
DA:506,13
DA:513,1
DA:515,92
DA:516,92
DA:517,92
DA:518,92
DA:520,92
DA:521,82
DA:522,38
DA:523,38
DA:524,38
DA:525,38
DA:526,93
DA:527,93
DA:528,38
DA:529,38
DA:530,38
DA:532,55
DA:536,55
DA:539,55
DA:540,9
DA:543,38
DA:544,38
DA:545,31
DA:546,2
DA:548,29
DA:551,7
DA:553,44
DA:554,44
DA:555,44
DA:556,2
DA:559,10
DA:560,9
DA:561,9
DA:563,1
DA:566,53
DA:567,53
DA:568,32
DA:569,30
DA:571,32
DA:573,32
DA:575,12
DA:576,10
DA:577,10
DA:578,10
DA:580,2
DA:582,1
DA:585,1
DA:586,1
DA:588,1
DA:589,1
DA:590,1
DA:593,20
DA:595,1
DA:598,19
DA:599,14
DA:600,13
DA:602,1
DA:604,14
DA:606,5
DA:607,5
DA:611,21
DA:615,53
DA:617,9
DA:619,53
DA:621,9
DA:623,44
DA:624,44
DA:628,1
DA:630,37
DA:631,1
DA:632,1
DA:635,37
DA:636,8
DA:639,37
DA:643,15
DA:651,37
DA:652,26
DA:653,26
DA:655,11
DA:658,37
DA:659,37
DA:660,37
DA:661,30
DA:662,30
DA:663,30
DA:664,19
DA:667,37
DA:669,37
DA:670,36
DA:671,30
DA:672,18
DA:675,6
DA:676,5
DA:680,36
DA:681,1
DA:682,1
DA:683,1
DA:686,35
DA:687,9
DA:688,9
DA:689,9
DA:692,26
DA:693,26
DA:694,26
DA:696,36
DA:697,9
DA:698,8
DA:700,9
DA:702,27
DA:703,27
DA:705,0
DA:709,1
DA:710,12
DA:711,12
DA:712,6
DA:713,5
DA:716,1
DA:719,12
DA:720,1
DA:721,1
DA:723,11
DA:726,1
DA:728,7
DA:730,7
DA:732,7
DA:734,7
DA:735,1
DA:738,6
DA:740,6
DA:741,6
DA:742,6
DA:744,6
DA:745,4
DA:747,2
DA:748,1
DA:752,7
DA:753,6
DA:754,6
DA:757,1
DA:760,1
DA:761,16
DA:762,2
DA:764,14
DA:765,11
DA:768,11
DA:769,1
DA:770,10
DA:771,2
DA:772,8
DA:773,1
DA:778,3
DA:781,3
DA:782,1
DA:783,2
DA:784,1
DA:785,1
DA:786,1
DA:792,7
DA:795,1
DA:799,1
DA:800,1
LF:414
LH:395
BRDA:5,1,0,0
BRDA:5,1,1,1
BRDA:14,2,0,29
BRDA:14,2,1,0
BRDA:33,3,0,4
BRDA:33,3,1,46
BRDA:36,4,0,3
BRDA:36,4,1,1
BRDA:38,5,0,3
BRDA:38,5,1,0
BRDA:41,6,0,0
BRDA:41,6,1,0
BRDA:45,7,0,0
BRDA:45,7,1,0
BRDA:58,8,0,3
BRDA:58,8,1,0
BRDA:60,9,0,6
BRDA:60,9,1,0
BRDA:64,10,0,2
BRDA:64,10,1,1
BRDA:67,11,0,1
BRDA:67,11,1,2
BRDA:70,12,0,1
BRDA:70,12,1,0
BRDA:75,13,0,3
BRDA:75,13,1,0
BRDA:82,14,0,1
BRDA:82,14,1,0
BRDA:95,15,0,0
BRDA:95,15,1,2
BRDA:106,16,0,1
BRDA:106,16,1,2
BRDA:109,17,0,2
BRDA:109,17,1,0
BRDA:111,18,0,1
BRDA:111,18,1,1
BRDA:116,19,0,2
BRDA:116,19,1,0
BRDA:133,20,0,18
BRDA:133,20,1,1
BRDA:136,21,0,0
BRDA:136,21,1,18
BRDA:158,22,0,1
BRDA:158,22,1,1
BRDA:165,23,0,1
BRDA:165,23,1,1
BRDA:170,24,0,1
BRDA:170,24,1,1
BRDA:178,25,0,1
BRDA:178,25,1,1
BRDA:199,26,0,1
BRDA:199,26,1,1
BRDA:220,27,0,3
BRDA:220,27,1,13
BRDA:245,28,0,4
BRDA:245,28,1,13
BRDA:260,29,0,3
BRDA:260,29,1,16
BRDA:263,30,0,1
BRDA:263,30,1,2
BRDA:267,31,0,0
BRDA:267,31,1,2
BRDA:267,32,0,2
BRDA:267,32,1,0
BRDA:275,33,0,0
BRDA:275,33,1,2
BRDA:275,34,0,2
BRDA:275,34,1,2
BRDA:324,35,0,13
BRDA:324,35,1,0
BRDA:325,36,0,5
BRDA:325,36,1,8
BRDA:338,37,0,35
BRDA:338,37,1,1
BRDA:339,38,0,5
BRDA:339,38,1,30
BRDA:358,39,0,3
BRDA:358,39,1,0
BRDA:367,40,0,3
BRDA:367,40,1,2
BRDA:375,41,0,11
BRDA:375,41,1,28
BRDA:379,42,0,12
BRDA:379,42,1,27
BRDA:383,43,0,6
BRDA:383,43,1,33
BRDA:388,44,0,25
BRDA:388,44,1,14
BRDA:392,45,0,24
BRDA:392,45,1,1
BRDA:399,46,0,7
BRDA:399,46,1,8
BRDA:402,47,0,5
BRDA:402,47,1,2
BRDA:421,48,0,6
BRDA:421,48,1,33
BRDA:424,49,0,1
BRDA:424,49,1,5
BRDA:435,50,0,0
BRDA:435,50,1,0
BRDA:438,51,0,0
BRDA:438,51,1,0
BRDA:475,52,0,4
BRDA:475,52,1,9
BRDA:478,53,0,6
BRDA:478,53,1,7
BRDA:480,54,0,12
BRDA:480,54,1,1
BRDA:480,55,0,13
BRDA:480,55,1,7
BRDA:481,56,0,2
BRDA:481,56,1,10
BRDA:483,57,0,1
BRDA:483,57,1,1
BRDA:483,58,0,2
BRDA:483,58,1,2
BRDA:488,59,0,4
BRDA:488,59,1,6
BRDA:488,60,0,10
BRDA:488,60,1,9
BRDA:490,61,0,3
BRDA:490,61,1,1
BRDA:490,62,0,4
BRDA:490,62,1,4
BRDA:499,63,0,2
BRDA:499,63,1,11
BRDA:501,64,0,1
BRDA:501,64,1,1
BRDA:520,65,0,82
BRDA:520,65,1,10
BRDA:521,66,0,38
BRDA:521,66,1,44
BRDA:527,67,0,38
BRDA:527,67,1,55
BRDA:527,68,0,93
BRDA:527,68,1,61
BRDA:539,69,0,9
BRDA:539,69,1,46
BRDA:544,70,0,31
BRDA:544,70,1,7
BRDA:545,71,0,2
BRDA:545,71,1,29
BRDA:555,72,0,2
BRDA:555,72,1,42
BRDA:555,73,0,44
BRDA:555,73,1,44
BRDA:559,74,0,9
BRDA:559,74,1,1
BRDA:567,75,0,32
BRDA:567,75,1,21
BRDA:567,76,0,53
BRDA:567,76,1,53
BRDA:568,77,0,30
BRDA:568,77,1,2
BRDA:573,78,0,12
BRDA:573,78,1,20
BRDA:575,79,0,10
BRDA:575,79,1,2
BRDA:580,80,0,1
BRDA:580,80,1,1
BRDA:593,81,0,1
BRDA:593,81,1,19
BRDA:598,82,0,14
BRDA:598,82,1,5
BRDA:599,83,0,13
BRDA:599,83,1,1
BRDA:619,84,0,9
BRDA:619,84,1,44
BRDA:630,85,0,1
BRDA:630,85,1,36
BRDA:635,86,0,8
BRDA:635,86,1,29
BRDA:651,87,0,26
BRDA:651,87,1,11
BRDA:663,88,0,19
BRDA:663,88,1,11
BRDA:669,89,0,37
BRDA:669,89,1,1
BRDA:670,90,0,30
BRDA:670,90,1,6
BRDA:671,91,0,18
BRDA:671,91,1,12
BRDA:675,92,0,5
BRDA:675,92,1,1
BRDA:680,93,0,1
BRDA:680,93,1,35
BRDA:686,94,0,9
BRDA:686,94,1,26
BRDA:696,95,0,9
BRDA:696,95,1,27
BRDA:697,96,0,8
BRDA:697,96,1,1
BRDA:702,97,0,27
BRDA:702,97,1,0
BRDA:711,98,0,6
BRDA:711,98,1,6
BRDA:711,99,0,12
BRDA:711,99,1,12
BRDA:712,100,0,5
BRDA:712,100,1,1
BRDA:712,101,0,6
BRDA:712,101,1,2
BRDA:719,102,0,1
BRDA:719,102,1,11
BRDA:728,103,0,1
BRDA:728,103,1,6
BRDA:728,104,0,7
BRDA:728,104,1,6
BRDA:734,105,0,1
BRDA:734,105,1,6
BRDA:744,106,0,4
BRDA:744,106,1,2
BRDA:747,107,0,1
BRDA:747,107,1,1
BRDA:752,108,0,6
BRDA:752,108,1,1
BRDA:761,109,0,2
BRDA:761,109,1,14
BRDA:764,110,0,11
BRDA:764,110,1,3
BRDA:768,111,0,1
BRDA:768,111,1,10
BRDA:770,112,0,2
BRDA:770,112,1,8
BRDA:772,113,0,1
BRDA:772,113,1,7
BRDA:781,114,0,1
BRDA:781,114,1,2
BRDA:783,115,0,1
BRDA:783,115,1,1
BRDA:785,116,0,1
BRDA:785,116,1,0
BRDA:799,117,0,1
BRDA:799,117,1,0
BRF:234
BRH:211
end_of_record
